[    0.000000] Initializing cgroup subsys cpuset
[    0.000000] Initializing cgroup subsys cpu
[    0.000000] Initializing cgroup subsys cpuacct
[    0.000000] Linux version 4.4.0-98-generic (buildd@lcy01-03) (gcc version 5.4.0 20160609 (Ubuntu 5.4.0-6ubuntu1~16.04.4) ) #121-Ubuntu SMP Tue Oct 10 14:24:03 UTC 2017 (Ubuntu 4.4.0-98.121-generic 4.4.90)
[    0.000000] Command line: BOOT_IMAGE=/boot/vmlinuz-4.4.0-98-generic root=LABEL=cloudimg-rootfs ro console=tty1 console=ttyS0
[    0.000000] KERNEL supported cpus:
[    0.000000]   Intel GenuineIntel
[    0.000000]   AMD AuthenticAMD
[    0.000000]   Centaur CentaurHauls
[    0.000000] ------------[ cut here ]------------
[    0.000000] WARNING: CPU: 0 PID: 0 at /build/linux-3phnTq/linux-4.4.0/arch/x86/kernel/fpu/xstate.c:517 fpu__init_system_xstate+0x38b/0x75a()
[    0.000000] XSAVE consistency problem, dumping leaves
[    0.000000] Modules linked in:
[    0.000000] CPU: 0 PID: 0 Comm: swapper Not tainted 4.4.0-98-generic #121-Ubuntu
[    0.000000]  0000000000000086 c41b30bad5227f39 ffffffff81e03d80 ffffffff813fb2c3
[    0.000000]  ffffffff81e03dc8 ffffffff81caa8c8 ffffffff81e03db8 ffffffff810812e2
[    0.000000]  ffffffff81e03e48 ffffffff81e03e4c 0000000000000008 0000000000000100
[    0.000000] Call Trace:
[    0.000000]  [<ffffffff813fb2c3>] dump_stack+0x63/0x90
[    0.000000]  [<ffffffff810812e2>] warn_slowpath_common+0x82/0xc0
[    0.000000]  [<ffffffff8108137c>] warn_slowpath_fmt+0x5c/0x80
[    0.000000]  [<ffffffff8107cff0>] ? xfeature_size+0x59/0x77
[    0.000000]  [<ffffffff81f6e20b>] fpu__init_system_xstate+0x38b/0x75a
[    0.000000]  [<ffffffff81f5e120>] ? early_idt_handler_array+0x120/0x120
[    0.000000]  [<ffffffff81f6db76>] fpu__init_system+0x10d/0x245
[    0.000000]  [<ffffffff81f6ec7f>] early_cpu_init+0x139/0x13e
[    0.000000]  [<ffffffff81f6ec7f>] ? early_cpu_init+0x139/0x13e
[    0.000000]  [<ffffffff81f6a181>] setup_arch+0xb4/0xcf6
[    0.000000]  [<ffffffff81f5e120>] ? early_idt_handler_array+0x120/0x120
[    0.000000]  [<ffffffff81f5ec74>] start_kernel+0xe4/0x4a2
[    0.000000]  [<ffffffff81f5e120>] ? early_idt_handler_array+0x120/0x120
[    0.000000]  [<ffffffff81f5e339>] x86_64_start_reservations+0x2a/0x2c
[    0.000000]  [<ffffffff81f5e485>] x86_64_start_kernel+0x14a/0x16d
[    0.000000] ---[ end trace 4d5ff9f2f68c4233 ]---
[    0.000000] CPUID[0d, 00]: eax=00000007 ebx=00000440 ecx=00000440 edx=00000000
[    0.000000] CPUID[0d, 01]: eax=00000000 ebx=000003c0 ecx=00000000 edx=00000000
[    0.000000] CPUID[0d, 02]: eax=00000100 ebx=00000240 ecx=00000000 edx=00000000
[    0.000000] CPUID[0d, 03]: eax=00000000 ebx=00000000 ecx=00000000 edx=00000000
[    0.000000] CPUID[0d, 04]: eax=00000000 ebx=00000000 ecx=00000000 edx=00000000
[    0.000000] CPUID[0d, 05]: eax=00000000 ebx=00000000 ecx=00000000 edx=00000000
[    0.000000] CPUID[0d, 06]: eax=00000000 ebx=00000000 ecx=00000000 edx=00000000
[    0.000000] CPUID[0d, 07]: eax=00000000 ebx=00000000 ecx=00000000 edx=00000000
[    0.000000] CPUID[0d, 08]: eax=00000000 ebx=00000000 ecx=00000000 edx=00000000
[    0.000000] CPUID[0d, 09]: eax=00000000 ebx=00000000 ecx=00000000 edx=00000000
[    0.000000] CPUID[0d, 0a]: eax=00000000 ebx=00000000 ecx=00000000 edx=00000000
[    0.000000] CPUID[0d, 0b]: eax=00000000 ebx=00000000 ecx=00000000 edx=00000000
[    0.000000] CPUID[0d, 0c]: eax=00000000 ebx=00000000 ecx=00000000 edx=00000000
[    0.000000] CPUID[0d, 0d]: eax=00000000 ebx=00000000 ecx=00000000 edx=00000000
[    0.000000] CPUID[0d, 0e]: eax=00000000 ebx=00000000 ecx=00000000 edx=00000000
[    0.000000] CPUID[0d, 0f]: eax=00000000 ebx=00000000 ecx=00000000 edx=00000000
[    0.000000] CPUID[0d, 10]: eax=00000000 ebx=00000000 ecx=00000000 edx=00000000
[    0.000000] CPUID[0d, 11]: eax=00000000 ebx=00000000 ecx=00000000 edx=00000000
[    0.000000] x86/fpu: xstate_offset[2]:  576, xstate_sizes[2]:  256
[    0.000000] x86/fpu: Supporting XSAVE feature 0x01: 'x87 floating point registers'
[    0.000000] x86/fpu: Supporting XSAVE feature 0x02: 'SSE registers'
[    0.000000] x86/fpu: Supporting XSAVE feature 0x04: 'AVX registers'
[    0.000000] x86/fpu: Enabled xstate features 0x7, context size is 1088 bytes, using 'standard' format.
[    0.000000] x86/fpu: Using 'lazy' FPU context switches.
[    0.000000] e820: BIOS-provided physical RAM map:
[    0.000000] BIOS-e820: [mem 0x0000000000000000-0x000000000009fbff] usable
[    0.000000] BIOS-e820: [mem 0x000000000009fc00-0x000000000009ffff] reserved
[    0.000000] BIOS-e820: [mem 0x00000000000f0000-0x00000000000fffff] reserved
[    0.000000] BIOS-e820: [mem 0x0000000000100000-0x000000003ffeffff] usable
[    0.000000] BIOS-e820: [mem 0x000000003fff0000-0x000000003fffffff] ACPI data
[    0.000000] BIOS-e820: [mem 0x00000000fec00000-0x00000000fec00fff] reserved
[    0.000000] BIOS-e820: [mem 0x00000000fee00000-0x00000000fee00fff] reserved
[    0.000000] BIOS-e820: [mem 0x00000000fffc0000-0x00000000ffffffff] reserved
[    0.000000] NX (Execute Disable) protection: active
[    0.000000] SMBIOS 2.5 present.
[    0.000000] Hypervisor detected: KVM
[    0.000000] e820: last_pfn = 0x3fff0 max_arch_pfn = 0x400000000
[    0.000000] MTRR: Disabled
[    0.000000] x86/PAT: MTRRs disabled, skipping PAT initialization too.
[    0.000000] CPU MTRRs all blank - virtualized system.
[    0.000000] x86/PAT: Configuration [0-7]: WB  WT  UC- UC  WB  WT  UC- UC  
[    0.000000] found SMP MP-table at [mem 0x0009fff0-0x0009ffff] mapped at [ffff88000009fff0]
[    0.000000] Scanning 1 areas for low memory corruption
[    0.000000] RAMDISK: [mem 0x36ae6000-0x3756afff]
[    0.000000] ACPI: Early table checksum verification disabled
[    0.000000] ACPI: RSDP 0x00000000000E0000 000024 (v02 VBOX  )
[    0.000000] ACPI: XSDT 0x000000003FFF0030 00003C (v01 VBOX   VBOXXSDT 00000001 ASL  00000061)
[    0.000000] ACPI: FACP 0x000000003FFF00F0 0000F4 (v04 VBOX   VBOXFACP 00000001 ASL  00000061)
[    0.000000] ACPI: DSDT 0x000000003FFF0470 0021FF (v02 VBOX   VBOXBIOS 00000002 INTL 20100528)
[    0.000000] ACPI: FACS 0x000000003FFF0200 000040
[    0.000000] ACPI: FACS 0x000000003FFF0200 000040
[    0.000000] ACPI: APIC 0x000000003FFF0240 00005C (v02 VBOX   VBOXAPIC 00000001 ASL  00000061)
[    0.000000] ACPI: SSDT 0x000000003FFF02A0 0001CC (v01 VBOX   VBOXCPUT 00000002 INTL 20100528)
[    0.000000] No NUMA configuration found
[    0.000000] Faking a node at [mem 0x0000000000000000-0x000000003ffeffff]
[    0.000000] NODE_DATA(0) allocated [mem 0x3ffeb000-0x3ffeffff]
[    0.000000] kvm-clock: Using msrs 4b564d01 and 4b564d00
[    0.000000] kvm-clock: cpu 0, msr 0:3ffe3001, primary cpu clock
[    0.000000] kvm-clock: using sched offset of 3123295312 cycles
[    0.000000] clocksource: kvm-clock: mask: 0xffffffffffffffff max_cycles: 0x1cd42e4dffb, max_idle_ns: 881590591483 ns
[    0.000000] Zone ranges:
[    0.000000]   DMA      [mem 0x0000000000001000-0x0000000000ffffff]
[    0.000000]   DMA32    [mem 0x0000000001000000-0x000000003ffeffff]
[    0.000000]   Normal   empty
[    0.000000]   Device   empty
[    0.000000] Movable zone start for each node
[    0.000000] Early memory node ranges
[    0.000000]   node   0: [mem 0x0000000000001000-0x000000000009efff]
[    0.000000]   node   0: [mem 0x0000000000100000-0x000000003ffeffff]
[    0.000000] Initmem setup node 0 [mem 0x0000000000001000-0x000000003ffeffff]
[    0.000000] ACPI: PM-Timer IO Port: 0x4008
[    0.000000] IOAPIC[0]: apic_id 2, version 32, address 0xfec00000, GSI 0-23
[    0.000000] ACPI: INT_SRC_OVR (bus 0 bus_irq 0 global_irq 2 dfl dfl)
[    0.000000] ACPI: INT_SRC_OVR (bus 0 bus_irq 9 global_irq 9 high level)
[    0.000000] Using ACPI (MADT) for SMP configuration information
[    0.000000] smpboot: Allowing 2 CPUs, 0 hotplug CPUs
[    0.000000] PM: Registered nosave memory: [mem 0x00000000-0x00000fff]
[    0.000000] PM: Registered nosave memory: [mem 0x0009f000-0x0009ffff]
[    0.000000] PM: Registered nosave memory: [mem 0x000a0000-0x000effff]
[    0.000000] PM: Registered nosave memory: [mem 0x000f0000-0x000fffff]
[    0.000000] e820: [mem 0x40000000-0xfebfffff] available for PCI devices
[    0.000000] Booting paravirtualized kernel on KVM
[    0.000000] clocksource: refined-jiffies: mask: 0xffffffff max_cycles: 0xffffffff, max_idle_ns: 7645519600211568 ns
[    0.000000] setup_percpu: NR_CPUS:512 nr_cpumask_bits:512 nr_cpu_ids:2 nr_node_ids:1
[    0.000000] PERCPU: Embedded 34 pages/cpu @ffff88003fc00000 s98328 r8192 d32744 u1048576
[    0.000000] PV qspinlock hash table entries: 256 (order: 0, 4096 bytes)
[    0.000000] Built 1 zonelists in Node order, mobility grouping on.  Total pages: 257913
[    0.000000] Policy zone: DMA32
[    0.000000] Kernel command line: BOOT_IMAGE=/boot/vmlinuz-4.4.0-98-generic root=LABEL=cloudimg-rootfs ro console=tty1 console=ttyS0
[    0.000000] PID hash table entries: 4096 (order: 3, 32768 bytes)
[    0.000000] Memory: 1001792K/1048120K available (8484K kernel code, 1294K rwdata, 3988K rodata, 1492K init, 1316K bss, 46328K reserved, 0K cma-reserved)
[    0.000000] SLUB: HWalign=64, Order=0-3, MinObjects=0, CPUs=2, Nodes=1
[    0.000000] Hierarchical RCU implementation.
[    0.000000] 	Build-time adjustment of leaf fanout to 64.
[    0.000000] 	RCU restricting CPUs from NR_CPUS=512 to nr_cpu_ids=2.
[    0.000000] RCU: Adjusting geometry for rcu_fanout_leaf=64, nr_cpu_ids=2
[    0.000000] NR_IRQS:33024 nr_irqs:440 16
[    0.000000] Console: colour VGA+ 80x25
[    0.000000] console [tty1] enabled
[    0.000000] console [ttyS0] enabled
[    0.000000] tsc: Detected 2712.002 MHz processor
[    9.236030] Calibrating delay loop (skipped) preset value.. 5424.00 BogoMIPS (lpj=10848008)
[    9.237498] pid_max: default: 32768 minimum: 301
[    9.238266] ACPI: Core revision 20150930
[    9.239841] ACPI: 2 ACPI AML tables successfully acquired and loaded
[    9.240955] Security Framework initialized
[    9.241658] Yama: becoming mindful.
[    9.242324] AppArmor: AppArmor initialized
[    9.245100] Dentry cache hash table entries: 131072 (order: 8, 1048576 bytes)
[    9.246336] Inode-cache hash table entries: 65536 (order: 7, 524288 bytes)
[    9.253411] Mount-cache hash table entries: 2048 (order: 2, 16384 bytes)
[    9.278623] Mountpoint-cache hash table entries: 2048 (order: 2, 16384 bytes)
[    9.388291] Initializing cgroup subsys io
[    9.413707] Initializing cgroup subsys memory
[    9.414451] Initializing cgroup subsys devices
[    9.415197] Initializing cgroup subsys freezer
[    9.415928] Initializing cgroup subsys net_cls
[    9.416683] Initializing cgroup subsys perf_event
[    9.417447] Initializing cgroup subsys net_prio
[    9.418194] Initializing cgroup subsys hugetlb
[    9.418923] Initializing cgroup subsys pids
[    9.419710] CPU: Physical Processor ID: 0
[    9.420417] CPU: Processor Core ID: 0
[    9.422728] mce: CPU supports 0 MCE banks
[    9.423432] Last level iTLB entries: 4KB 64, 2MB 8, 4MB 8
[    9.424271] Last level dTLB entries: 4KB 64, 2MB 0, 4MB 0, 1GB 4
[    9.427136] Freeing SMP alternatives memory: 32K
[    9.445394] ftrace: allocating 32154 entries in 126 pages
[    9.509434] smpboot: APIC(0) Converting physical 0 to logical package 0
[    9.581509] smpboot: Max logical packages: 1
[    9.586242] x2apic enabled
[    9.600234] Switched APIC routing to physical x2apic.
[    9.602314] ..TIMER: vector=0x30 apic1=0 pin1=2 apic2=-1 pin2=-1
[    9.792996] smpboot: CPU0: Intel(R) Core(TM) i5-7200U CPU @ 2.50GHz (family: 0x6, model: 0x8e, stepping: 0x9)
[    9.927697] Performance Events: unsupported p6 CPU model 142 no PMU driver, software events only.
[   10.080064] KVM setup paravirtual spinlock
[   10.097968] x86: Booting SMP configuration:
[   10.153485] .... node  #0, CPUs:      #1
[   10.216155] kvm-clock: cpu 1, msr 0:3ffe3041, secondary cpu clock
[   10.224761] mce: CPU supports 0 MCE banks
[   10.247427] x86: Booted up 1 node, 2 CPUs
[   10.295936] smpboot: Total of 2 processors activated (10848.00 BogoMIPS)
[   10.392564] devtmpfs: initialized
[   10.449260] evm: security.selinux
[   10.471616] evm: security.SMACK64
[   10.509654] evm: security.SMACK64EXEC
[   10.555827] evm: security.SMACK64TRANSMUTE
[   10.622689] evm: security.SMACK64MMAP
[   10.626818] evm: security.ima
[   10.627512] evm: security.capability
[   10.628454] clocksource: jiffies: mask: 0xffffffff max_cycles: 0xffffffff, max_idle_ns: 7645041785100000 ns
[   10.640553] futex hash table entries: 512 (order: 3, 32768 bytes)
[   10.643342] pinctrl core: initialized pinctrl subsystem
[   10.673233] RTC time:  2:09:54, date: 11/17/17
[   10.712013] NET: Registered protocol family 16
[   10.758530] cpuidle: using governor ladder
[   10.809754] cpuidle: using governor menu
[   10.864094] PCCT header not found.
[   10.904352] ACPI: bus type PCI registered
[   10.948473] acpiphp: ACPI Hot Plug PCI Controller Driver version: 0.5
[   11.034022] PCI: Using configuration type 1 for base access
[   11.099670] ACPI: Added _OSI(Module Device)
[   11.148730] ACPI: Added _OSI(Processor Device)
[   11.208528] ACPI: Added _OSI(3.0 _SCP Extensions)
[   11.262567] ACPI: Added _OSI(Processor Aggregator Device)
[   11.264053] ACPI: Executed 1 blocks of module-level executable AML code
[   11.266797] ACPI: Interpreter enabled
[   11.267470] ACPI: (supports S0 S5)
[   11.268095] ACPI: Using IOAPIC for interrupt routing
[   11.269168] PCI: Using host bridge windows from ACPI; if necessary, use "pci=nocrs" and report a bug
[   11.273568] ACPI: PCI Root Bridge [PCI0] (domain 0000 [bus 00-ff])
[   11.274518] acpi PNP0A03:00: _OSC: OS supports [ASPM ClockPM Segments MSI]
[   11.331295] acpi PNP0A03:00: _OSC: not requesting OS control; OS requires [ExtendedConfig ASPM ClockPM MSI]
[   11.338205] acpi PNP0A03:00: fail to add MMCONFIG information, can't access extended PCI configuration space under this bridge.
[   11.340198] PCI host bridge to bus 0000:00
[   11.340902] pci_bus 0000:00: root bus resource [io  0x0000-0x0cf7 window]
[   11.353029] pci_bus 0000:00: root bus resource [io  0x0d00-0xffff window]
[   11.354058] pci_bus 0000:00: root bus resource [mem 0x000a0000-0x000bffff window]
[   11.355345] pci_bus 0000:00: root bus resource [mem 0x40000000-0xffdfffff window]
[   11.356608] pci_bus 0000:00: root bus resource [bus 00-ff]
[   11.359018] pci 0000:00:01.1: legacy IDE quirk: reg 0x10: [io  0x01f0-0x01f7]
[   11.370997] pci 0000:00:01.1: legacy IDE quirk: reg 0x14: [io  0x03f6]
[   11.371990] pci 0000:00:01.1: legacy IDE quirk: reg 0x18: [io  0x0170-0x0177]
[   11.373045] pci 0000:00:01.1: legacy IDE quirk: reg 0x1c: [io  0x0376]
[   11.392727] pci 0000:00:07.0: quirk: [io  0x4000-0x403f] claimed by PIIX4 ACPI
[   11.402718] pci 0000:00:07.0: quirk: [io  0x4100-0x410f] claimed by PIIX4 SMB
[   11.480949] ACPI: PCI Interrupt Link [LNKA] (IRQs 5 9 10 *11)
[   11.543093] ACPI: PCI Interrupt Link [LNKB] (IRQs 5 9 10 *11)
[   11.629929] ACPI: PCI Interrupt Link [LNKC] (IRQs 5 9 *10 11)
[   11.688801] ACPI: PCI Interrupt Link [LNKD] (IRQs 5 *9 10 11)
[   11.692458] ACPI: Enabled 2 GPEs in block 00 to 07
[   11.699471] vgaarb: setting as boot device: PCI:0000:00:02.0
[   11.734209] vgaarb: device added: PCI:0000:00:02.0,decodes=io+mem,owns=io+mem,locks=none
[   11.868631] vgaarb: loaded
[   11.891860] vgaarb: bridge control possible 0000:00:02.0
[   11.965910] SCSI subsystem initialized
[   12.021059] ACPI: bus type USB registered
[   12.072494] usbcore: registered new interface driver usbfs
[   12.162753] usbcore: registered new interface driver hub
[   12.249120] usbcore: registered new device driver usb
[   12.315243] PCI: Using ACPI for IRQ routing
[   12.360289] NetLabel: Initializing
[   12.400196] NetLabel:  domain hash size = 128
[   12.466951] NetLabel:  protocols = UNLABELED CIPSOv4
[   12.538642] NetLabel:  unlabeled traffic allowed by default
[   12.614377] amd_nb: Cannot enumerate AMD northbridges
[   12.676804] clocksource: Switched to clocksource kvm-clock
[   12.765474] AppArmor: AppArmor Filesystem Enabled
[   12.769821] pnp: PnP ACPI init
[   12.773165] pnp: PnP ACPI: found 3 devices
[   12.786821] clocksource: acpi_pm: mask: 0xffffff max_cycles: 0xffffff, max_idle_ns: 2085701024 ns
[   12.798268] NET: Registered protocol family 2
[   12.833119] TCP established hash table entries: 8192 (order: 4, 65536 bytes)
[   12.995579] TCP bind hash table entries: 8192 (order: 5, 131072 bytes)
[   13.152604] TCP: Hash tables configured (established 8192 bind 8192)
[   13.306676] UDP hash table entries: 512 (order: 2, 16384 bytes)
[   13.389072] UDP-Lite hash table entries: 512 (order: 2, 16384 bytes)
[   13.541275] NET: Registered protocol family 1
[   13.651076] pci 0000:00:00.0: Limiting direct PCI/PCI transfers
[   13.778824] pci 0000:00:01.0: Activating ISA DMA hang workarounds
[   13.818052] Unpacking initramfs...
[   16.274446] Freeing initrd memory: 10772K
[   16.341545] platform rtc_cmos: registered platform RTC device (no PNP device found)
[   16.366510] Scanning for low memory corruption every 60 seconds
[   16.383386] audit: initializing netlink subsys (disabled)
[   16.391834] audit: type=2000 audit(1510884592.528:1): initialized
[   16.418366] Initialise system trusted keyring
[   16.419593] HugeTLB registered 2 MB page size, pre-allocated 0 pages
[   16.488500] zbud: loaded
[   16.500473] VFS: Disk quotas dquot_6.6.0
[   16.524007] VFS: Dquot-cache hash table entries: 512 (order 0, 4096 bytes)
[   16.525815] squashfs: version 4.0 (2009/01/31) Phillip Lougher
[   16.554870] fuse init (API version 7.23)
[   16.560339] Key type big_key registered
[   16.563177] Allocating IMA MOK and blacklist keyrings.
[   16.565470] Key type asymmetric registered
[   16.574200] Asymmetric key parser 'x509' registered
[   16.594409] Block layer SCSI generic (bsg) driver version 0.4 loaded (major 249)
[   16.613967] io scheduler noop registered
[   16.615088] io scheduler deadline registered (default)
[   16.618594] io scheduler cfq registered
[   16.631739] pci_hotplug: PCI Hot Plug PCI Core version: 0.5
[   16.635958] pciehp: PCI Express Hot Plug Controller Driver version: 0.4
[   16.640947] ACPI: AC Adapter [AC] (on-line)
[   16.648393] input: Power Button as /devices/LNXSYSTM:00/LNXPWRBN:00/input/input0
[   16.650227] ACPI: Power Button [PWRF]
[   16.652110] input: Sleep Button as /devices/LNXSYSTM:00/LNXSLPBN:00/input/input1
[   16.656148] ACPI: Sleep Button [SLPF]
[   16.657694] GHES: HEST is not enabled!
[   16.658675] ACPI: Battery Slot [BAT0] (battery present)
[   16.677731] Serial: 8250/16550 driver, 32 ports, IRQ sharing enabled
[   16.766579] 00:02: ttyS0 at I/O 0x3f8 (irq = 4, base_baud = 115200) is a 16550A
[   16.797600] Linux agpgart interface v0.103
[   16.816145] loop: module loaded
[   16.857841] scsi host0: ata_piix
[   16.866272] scsi host1: ata_piix
[   16.937596] ata1: PATA max UDMA/33 cmd 0x1f0 ctl 0x3f6 bmdma 0xd000 irq 14
[   16.938623] ata2: PATA max UDMA/33 cmd 0x170 ctl 0x376 bmdma 0xd008 irq 15
[   16.940116] libphy: Fixed MDIO Bus: probed
[   16.975299] tun: Universal TUN/TAP device driver, 1.6
[   16.981994] tun: (C) 1999-2004 Max Krasnyansky <maxk@qualcomm.com>
[   16.983471] PPP generic driver version 2.4.2
[   16.990223] ehci_hcd: USB 2.0 'Enhanced' Host Controller (EHCI) Driver
[   17.027911] ehci-pci: EHCI PCI platform driver
[   17.040988] ehci-platform: EHCI generic platform driver
[   17.161188] ohci_hcd: USB 1.1 'Open' Host Controller (OHCI) Driver
[   17.178909] ohci-pci: OHCI PCI platform driver
[   17.185226] ohci-platform: OHCI generic platform driver
[   17.241131] uhci_hcd: USB Universal Host Controller Interface driver
[   17.242593] i8042: PNP: PS/2 Controller [PNP0303:PS2K,PNP0f03:PS2M] at 0x60,0x64 irq 1,12
[   17.245132] serio: i8042 KBD port at 0x60,0x64 irq 1
[   17.265292] serio: i8042 AUX port at 0x60,0x64 irq 12
[   17.266256] mousedev: PS/2 mouse device common for all mice
[   17.282480] input: AT Translated Set 2 keyboard as /devices/platform/i8042/serio0/input/input2
[   17.296528] rtc_cmos rtc_cmos: rtc core: registered rtc_cmos as rtc0
[   17.298022] rtc_cmos rtc_cmos: alarms up to one day, 114 bytes nvram
[   17.299379] i2c /dev entries driver
[   17.300361] device-mapper: uevent: version 1.0.3
[   17.308575] device-mapper: ioctl: 4.34.0-ioctl (2015-10-28) initialised: dm-devel@redhat.com
[   17.311748] ledtrig-cpu: registered to indicate activity on CPUs
[   17.314692] NET: Registered protocol family 10
[   17.331187] NET: Registered protocol family 17
[   17.333276] Key type dns_resolver registered
[   17.334414] microcode: CPU0 sig=0x806e9, pf=0x8, revision=0x0
[   17.340269] microcode: CPU1 sig=0x806e9, pf=0x8, revision=0x0
[   17.343294] microcode: Microcode Update Driver: v2.01 <tigran@aivazian.fsnet.co.uk>, Peter Oruba
[   17.345143] tsc: Refined TSC clocksource calibration: 2712.971 MHz
[   17.345212] registered taskstats version 1
[   17.345229] Loading compiled-in X.509 certificates
[   17.345833] Loaded X.509 cert 'Build time autogenerated kernel key: 7431eaeda5a51458aeb00f8de0f18f89e178d882'
[   17.345852] zswap: loaded using pool lzo/zbud
[   17.438680] Key type trusted registered
[   17.441055] Key type encrypted registered
[   17.441062] AppArmor: AppArmor sha1 policy hashing enabled
[   17.441065] ima: No TPM chip found, activating TPM-bypass!
[   17.441086] evm: HMAC attrs: 0x1
[   17.441362]   Magic number: 9:134:157
[   17.443044] rtc_cmos rtc_cmos: setting system clock to 2017-11-17 02:10:01 UTC (1510884601)
[   17.443132] BIOS EDD facility v0.16 2004-Jun-25, 0 devices found
[   17.443133] EDD information not available.
[   17.591962] clocksource: tsc: mask: 0xffffffffffffffff max_cycles: 0x271b1b913a8, max_idle_ns: 440795238202 ns
[   17.606577] Freeing unused kernel memory: 1492K
[   17.617292] Write protecting the kernel read-only data: 14336k
[   17.620944] Freeing unused kernel memory: 1744K
[   17.628308] Freeing unused kernel memory: 108K
Loading, please wait...
starting version[   17.659934] random: systemd-udevd: uninitialized urandom read (16 bytes read, 3 bits of entropy available)
 229
[   17.660627] random: udevadm: uninitialized urandom read (16 bytes read, 3 bits of entropy available)
[   17.660645] random: udevadm: uninitialized urandom read (16 bytes read, 3 bits of entropy available)
[   17.669123] random: udevadm: uninitialized urandom read (16 bytes read, 3 bits of entropy available)
[   17.669160] random: udevadm: uninitialized urandom read (16 bytes read, 3 bits of entropy available)
[   17.669272] random: udevadm: uninitialized urandom read (16 bytes read, 3 bits of entropy available)
[   17.669317] random: udevadm: uninitialized urandom read (16 bytes read, 3 bits of entropy available)
[   17.669359] random: udevadm: uninitialized urandom read (16 bytes read, 3 bits of entropy available)
[   17.669399] random: udevadm: uninitialized urandom read (16 bytes read, 3 bits of entropy available)
[   17.669589] random: udevadm: uninitialized urandom read (16 bytes read, 3 bits of entropy available)
[   17.751020] e1000: Intel(R) PRO/1000 Network Driver - version 7.3.21-k8-NAPI
[   17.759699] e1000: Copyright (c) 1999-2006 Intel Corporation.
[   17.767710] Fusion MPT base driver 3.04.20
[   17.777754] Copyright (c) 1999-2008 LSI Corporation
[   17.784595] Fusion MPT SPI Host driver 3.04.20
[   17.802300] AVX version of gcm_enc/dec engaged.
[   17.815317] AES CTR mode by8 optimization enabled
[   18.032611] input: ImExPS/2 Generic Explorer Mouse as /devices/platform/i8042/serio1/input/input4
[   18.162285] e1000 0000:00:03.0 eth0: (PCI:33MHz:32-bit) 02:eb:a5:7d:f3:dc
[   18.199436] e1000 0000:00:03.0 eth0: Intel(R) PRO/1000 Network Connection
[   18.228058] mptbase: ioc0: Initiating bringup
[   18.228354] e1000 0000:00:03.0 enp0s3: renamed from eth0
[   18.297791] ioc0: LSI53C1030 A0: Capabilities={Initiator}
[   18.466447] scsi host2: ioc0: LSI53C1030 A0, FwRev=00000000h, Ports=1, MaxQ=256, IRQ=20
[   18.593374] scsi 2:0:0:0: Direct-Access     VBOX     HARDDISK         1.0  PQ: 0 ANSI: 5
[   18.604109] scsi target2:0:0: Beginning Domain Validation
[   18.608656] scsi target2:0:0: Domain Validation skipping write tests
[   18.614798] scsi target2:0:0: Ending Domain Validation
[   18.615915] scsi target2:0:0: asynchronous
[   18.617509] scsi 2:0:1:0: Direct-Access     VBOX     HARDDISK         1.0  PQ: 0 ANSI: 5
[   18.623980] scsi target2:0:1: Beginning Domain Validation
[   18.627714] scsi target2:0:1: Domain Validation skipping write tests
[   18.631183] scsi target2:0:1: Ending Domain Validation
[   18.634149] scsi target2:0:1: asynchronous
[   18.643493] sd 2:0:0:0: Attached scsi generic sg0 type 0
[   18.649722] sd 2:0:0:0: [sda] 20971520 512-byte logical blocks: (10.7 GB/10.0 GiB)
[   18.653758] sd 2:0:1:0: Attached scsi generic sg1 type 0
[   18.654103] sd 2:0:1:0: [sdb] 20480 512-byte logical blocks: (10.5 MB/10.0 MiB)
[   18.654215] sd 2:0:1:0: [sdb] Write Protect is off
[   18.654290] sd 2:0:1:0: [sdb] Incomplete mode parameter data
[   18.654291] sd 2:0:1:0: [sdb] Assuming drive cache: write through
[   18.661189] sd 2:0:0:0: [sda] Write Protect is off
[   18.661280] sd 2:0:0:0: [sda] Incomplete mode parameter data
[   18.661282] sd 2:0:0:0: [sda] Assuming drive cache: write through
[   18.662324]  sda: sda1
[   18.663129] sd 2:0:0:0: [sda] Attached SCSI disk
[   18.664082] sd 2:0:1:0: [sdb] Attached SCSI disk
[   20.789540] floppy0: no floppy controllers found
Begin: Loading e[   22.246233] md: linear personality registered for level -1
ssential drivers ... [   22.282655] md: multipath personality registered for level -4
[   22.298519] md: raid0 personality registered for level 0
[   22.321726] md: raid1 personality registered for level 1
[   22.445004] raid6: sse2x1   gen()  8768 MB/s
[   22.541119] raid6: sse2x1   xor()  5538 MB/s
[   22.641227] raid6: sse2x2   gen()  8440 MB/s
[   22.729059] raid6: sse2x2   xor()  6820 MB/s
[   22.864925] raid6: sse2x4   gen() 11966 MB/s
[   22.981249] raid6: sse2x4   xor()  8480 MB/s
[   23.018951] raid6: using algorithm sse2x4 gen() 11966 MB/s
[   23.048931] raid6: .... xor() 8480 MB/s, rmw enabled
[   23.068484] raid6: using ssse3x2 recovery algorithm
[   23.119505] xor: automatically using best checksumming function:
[   23.192814]    avx       : 17307.000 MB/sec
[   23.203344] async_tx: api initialized (async)
[   23.213891] md: raid6 personality registered for level 6
[   23.243939] md: raid5 personality registered for level 5
[   23.262486] md: raid4 personality registered for level 4
[   23.268574] md: raid10 personality registered for level 10
done.
Begin: Running /scripts/init-premount ... done.
Begin: Mounting root file system ... Begin: Running /scripts/local-top ... done.
Begin: Running /scripts/local-premount ... [   23.306821] Btrfs loaded
Scanning for Btrfs filesystems
done.
Warning: fsck no[   23.356487] EXT4-fs (sda1): INFO: recovery required on readonly filesystem
t present, so skipping root file system
[   23.359111] EXT4-fs (sda1): write access will be enabled during recovery
[   23.446878] EXT4-fs (sda1): recovery complete
[   23.454443] EXT4-fs (sda1): mounted filesystem with ordered data mode. Opts: (null)
done.
Begin: Running /scripts/local-bottom ... done.
Begin: Running /scripts/init-bottom ... done.
[   23.609559] systemd[1]: systemd 229 running in system mode. (+PAM +AUDIT +SELINUX +IMA +APPARMOR +SMACK +SYSVINIT +UTMP +LIBCRYPTSETUP +GCRYPT +GNUTLS +ACL +XZ -LZ4 +SECCOMP +BLKID +ELFUTILS +KMOD -IDN)
[   23.634088] systemd[1]: Detected virtualization oracle.
[   23.637069] systemd[1]: Detected architecture x86-64.

Welcome to [1mUbuntu 16.04.3 LTS[0m!

[   23.644771] systemd[1]: Set hostname to <ubuntu-xenial>.
[   23.803319] systemd[1]: Reached target Encrypted Volumes.
[[0;32m  OK  [0m] Reached target Encrypted Volumes.
[   23.849339] systemd[1]: Created slice System Slice.
[[0;32m  OK  [0m] Created slice System Slice.
[   23.862166] systemd[1]: Reached target Swap.
[[0;32m  OK  [0m] Reached target Swap.
[   23.873888] systemd[1]: Listening on LVM2 poll daemon socket.
[[0;32m  OK  [0m] Listening on LVM2 poll daemon socket.
[   24.033308] systemd[1]: Started Forward Password Requests to Wall Directory Watch.
[[0;32m  OK  [0m] Started Forward Password Requests to Wall Directory Watch.
[   24.165210] systemd[1]: Listening on Syslog Socket.
[[0;32m  OK  [0m] Listening on Syslog Socket.
[   24.238350] systemd[1]: Started Trigger resolvconf update for networkd DNS.
[[0;32m  OK  [0m] Started Trigger resolvconf update for networkd DNS.
[   24.357982] systemd[1]: Created slice User and Session Slice.
[[0;32m  OK  [0m] Created slice User and Session Slice.
[   24.409531] systemd[1]: Reached target Slices.
[[0;32m  OK  [0m] Reached target Slices.
[   24.453683] systemd[1]: Listening on Device-mapper event daemon FIFOs.
[[0;32m  OK  [0m] Listening on Device-mapper event daemon FIFOs.
[   24.505661] systemd[1]: Listening on /dev/initctl Compatibility Named Pipe.
[[0;32m  OK  [0m] Listening on /dev/initctl Compatibility Named Pipe.
[   24.645384] systemd[1]: Listening on udev Control Socket.
[[0;32m  OK  [0m] Listening on udev Control Socket.
[   24.757672] systemd[1]: Created slice system-serial\x2dgetty.slice.
[[0;32m  OK  [0m] Created slice system-serial\x2dgetty.slice.
[   24.919658] systemd[1]: Listening on Journal Socket.
[[0;32m  OK  [0m] Listening on Journal Socket.
[   25.009727] systemd[1]: Mounting POSIX Message Queue File System...
[   25.010597] random: nonblocking pool is initialized
         Mounting POSIX Message Queue File System...
[   25.161666] systemd[1]: Mounting Huge Pages File System...
         Mounting Huge Pages File System...
[   25.213418] systemd[1]: Starting Nameserver information manager...
         Starting Nameserver information manager...
[   25.261220] systemd[1]: Starting Remount Root and Kernel File Systems...
[   25.267935] EXT4-fs (sda1): re-mounted. Opts: (null)
         Starting Remount Root and Kernel File Systems...
[   25.453983] systemd[1]: Listening on Journal Audit Socket.
[[0;32m  OK  [0m] Listening on Journal Audit Socket.
[   25.492496] systemd[1]: Listening on LVM2 metadata daemon socket.
[[0;32m  OK  [0m] Listening on LVM2 metadata daemon socket.
[   25.605821] systemd[1]: Starting Monitoring of LVM2 mirrors, snapshots etc. using dmeventd or progress polling...
         Starting Monitoring of LVM2 mirrors... dmeventd or progress polling...
[   25.701006] systemd[1]: Starting Uncomplicated firewall...
         Starting Uncomplicated firewall...
[   25.813249] systemd[1]: Starting Set console keymap...
         Starting Set console keymap...
[   25.934708] systemd[1]: Starting Load Kernel Modules...
         Startin[   25.943963] Loading iSCSI transport class v2.0-870.
g Load Kernel Modules...
[   25.970661] iscsi: registered transport (tcp)
[   26.071195] systemd[1]: Mounting Debug File System...
         Mounting Debug File Sys[   26.107093] iscsi: registered transport (iser)
tem...
[   26.201668] systemd[1]: Reached target User and Group Name Lookups.
[[0;32m  OK  [0m] Reached target User and Group Name Lookups.
[   26.356839] systemd[1]: Set up automount Arbitrary Executable File Formats File System Automount Point.
[[0;32m  OK  [0m] Set up automount Arbitrary Executab...ats File System Automount Point.
[   26.510537] systemd[1]: Listening on Journal Socket (/dev/log).
[[0;32m  OK  [0m] Listening on Journal Socket (/dev/log).
[   26.549839] systemd[1]: Starting Journal Service...
         Starting Journal Service...
[   26.625526] systemd[1]: Listening on udev Kernel Socket.
[[0;32m  OK  [0m] Listening on udev Kernel Socket.
[   26.713379] systemd[1]: Starting Create list of required static device nodes for the current kernel...
         Starting Create list of required st... nodes for the current kernel...
[   26.955990] systemd[1]: Mounted POSIX Message Queue File System.
[[0;32m  OK  [0m] Mounted POSIX Message Queue File System.
[   27.090308] systemd[1]: Mounted Debug File System.
[[0;32m  OK  [0m] Mounted Debug File System.
[   27.193621] systemd[1]: Mounted Huge Pages File System.
[[0;32m  OK  [0m] Mounted Huge Pages File System.
[   27.293733] systemd[1]: Started Journal Service.
[[0;32m  OK  [0m] Started Journal Service.
[[0;32m  OK  [0m] Started Remount Root and Kernel File Systems.
[[0;32m  OK  [0m] Started Uncomplicated firewall.
[[0;32m  OK  [0m] Started Set console keymap.
[[0;32m  OK  [0m] Started Load Kernel Modules.
[[0;32m  OK  [0m] Started Create list of required sta...ce nodes for the current kernel.
[[0;32m  OK  [0m] Started Nameserver information manager.
[[0;32m  OK  [0m] Started LVM2 metadata daemon.
         Starting Create Static Device Nodes in /dev...
         Mounting FUSE Control File System...
         Starting Apply Kernel Variables...
         Starting udev Coldplug all Devices...
         Starting Load/Save Random Seed...
         Starting Initial cloud-init job (pre-networking)...
         Starting Flush Journal to Persistent Storage...
[[0;32m  OK  [0m] Mounted FUSE Control File System.
[[0;32m  OK  [0m] Started Create Static Device Nodes in /dev.
[[0;32m  OK  [0m] Started Apply Kernel Variables.
[[0;32m  OK  [0m] Started Load/Save Random Seed.
[[0;32m  OK  [0m] Started udev Coldplug all Devices.
         Starting udev Kernel Device Manager...
[[0;32m  OK  [0m] Started Flush Journal to Persistent Storage.
[[0;32m  OK  [0m] Started Monitoring of LVM2 mirrors,...ng dmeventd or progress polling.
[[0;32m  OK  [0m] Started udev Kernel Device Manager.
[[0;32m  OK  [0m] Started Dispatch Password Requests to Console Directory Watch.
[[0;32m  OK  [0m] Reached target Local File Systems (Pre).
[[0;32m  OK  [0m] Reached target Local File Systems.
         Starting Set console font and keymap...
         Starting Tell Plymouth To Write Out Runtime Data...
         Starting LSB: AppArmor initialization...
         Starting Create Volatile Files and Directories...
[[0;32m  OK  [0m] Started Tell Plymouth To Write Out Runtime Data.
[[0;32m  OK  [0m] Started Create Volatile Files and Directories.
[[0;32m  OK  [0m] Found device /dev/ttyS0.
[[0;32m  OK  [0m] Listening on Load/Save RF Kill Switch Status /dev/rfkill Watch.
         Starting Update UTMP about System Boot/Shutdown...
[[0;32m  OK  [0m] Reached target System Time Synchronized.
[[0;32m  OK  [0m] Started Set console font and keymap.
[   16.825327] cloud-init[468]: Cloud-init v. 17.1 running 'init-local' at Fri, 17 Nov 2017 02:10:12 +0000. Up 16.58 seconds.
[[0;32m  OK  [0m] Started LSB: AppArmor initialization.
[[0;32m  OK  [0m] Started Initial cloud-init job (pre-networking).
[[0;32m  OK  [0m] Found device 82540EM Gigabit Ethern...r (PRO/1000 MT Desktop Adapter).
[[0;32m  OK  [0m] Started Update UTMP about System Boot/Shutdown.
[[0;32m  OK  [0m] Reached target Network (Pre).
[[0;32m  OK  [0m] Started ifup for enp0s3.
         Starting Raise network interfaces...
[[0;32m  OK  [0m] Created slice system-getty.slice.
[[0;32m  OK  [0m] Started Raise network interfaces.
[[0;32m  OK  [0m] Reached target Network.
         Starting Initial cloud-init job (metadata service crawler)...
[   19.757176] cloud-init[974]: Cloud-init v. 17.1 running 'init' at Fri, 17 Nov 2017 02:10:15 +0000. Up 19.47 seconds.
[   19.778502] cloud-init[974]: ci-info: +++++++++++++++++++++++++++++++++++++Net device info++++++++++++++++++++++++++++++++++++++
[[0;32m  OK  [0m] Started Initial cloud-init job (metadata service crawler).
[   19.936713] cloud-init[974]: ci-info: +--------+------+----------------------------+---------------+-------+-------------------+
[   20.189064] cloud-init[974]: ci-info: | Device |  Up  |          Address           |      Mask     | Scope |     Hw-Address    |
[   20.344876] cloud-init[974]: ci-info: +--------+------+----------------------------+---------------+-------+-------------------+
[   20.493235] cloud-init[974]: ci-info: | enp0s3 | True |         10.0.2.15          | 255.255.255.0 |   .   | 02:eb:a5:7d:f3:dc |
[[0;32m  OK  [0m] Reached target System Initialization.
[[0;32m  OK  [0m] Started Daily Cleanup of Temporary Directories.
[   20.607887] cloud-init[974]: ci-info: | enp0s3 | True | fe80::eb:a5ff:fe7d:f3dc/64 |       .       |  link | 02:eb:a5:7d:f3:dc |
[   20.841066] cloud-init[974]: ci-info: |   lo   | True |         127.0.0.1          |   255.0.0.0   |   .   |         .         |
[   21.001223] cloud-init[974]: ci-info: |   lo   | True |          ::1/128           |       .       |  host |         .         |
         Starting LXD - unix socket.
[[0;32m  OK  [0m] Listening on UUID daemon activation socket.
[   21.154783] cloud-init[974]: ci-info: +--------+------+----------------------------+---------------+-------+-------------------+
         Starting Socket activation for snappy daemon.
[   21.271749] cloud-init[974]: ci-info: +++++++++++++++++++++++++++Route IPv4 info++++++++++++++++++++++++++++
[   21.477315] cloud-init[974]: ci-info: +-------+-------------+----------+---------------+-----------+-------+
[[0;32m  OK  [0m] Started ACPI Events Check.
[[0;32m  OK  [0m] Reached target Paths.
[   21.587862] cloud-init[974]: ci-info: | Route | Destination | Gateway  |    Genmask    | Interface | Flags |
[   21.783335] cloud-init[974]: ci-info: +-------+-------------+----------+---------------+-----------+-------+
[[0;32m  OK  [0m] Listening on ACPID Listen Socket.
[   21.869367] cloud-init[974]: ci-info: |   0   |   0.0.0.0   | 10.0.2.2 |    0.0.0.0    |   enp0s3  |   UG  |
[   22.050470] cloud-init[974]: ci-info: |   1   |   10.0.2.0  | 0.0.0.0  | 255.255.255.0 |   enp0s3  |   U   |
[[0;32m  OK  [0m] Started Timer to automatically refresh installed snaps.
[[0;32m  OK  [0m] Listening on D-Bus System Message Bus Socket.
[[0;32m  OK  [0m] Reached target Cloud-config availability.
[   22.122497] cloud-init[974]: ci-info: +-------+-------------+----------+---------------+-----------+-------+
[[0;32m  OK  [0m] Reached target Network is Online.
[[0;32m  OK  [0m] Started Daily apt download activities.
[[0;32m  OK  [0m] Started Daily apt upgrade and clean activities.
[[0;32m  OK  [0m] Reached target Timers.
         Starting iSCSI initiator daemon (iscsid)...
[[0;32m  OK  [0m] Listening on LXD - unix socket.
[[0;32m  OK  [0m] Listening on Socket activation for snappy daemon.
[[0;32m  OK  [0m] Started iSCSI initiator daemon (iscsid).
         Starting Login to default iSCSI targets...
[[0;32m  OK  [0m] Reached target Sockets.
[[0;32m  OK  [0m] Reached target Basic System.
         Starting /etc/rc.local Compatibility...
[[0;32m  OK  [0m] Started ACPI event daemon.
[[0;32m  OK  [0m] Started D-Bus System Message Bus.
[[0;32m  OK  [0m] Started FUSE filesystem for LXC.
         Starting LSB: Record successful boot for GRUB...
         Starting LXD - container startup/shutdown...
         Starting System Logging Service...
         Starting LSB: MD monitoring daemon...
[[0;32m  OK  [0m] Started Deferred execution scheduler.
         Starting Login Service...
[[0;32m  OK  [0m] Started Regular background program processing daemon.
         Starting Accounts Service...
         Starting Apply the settings specified in cloud-config...
         Starting OpenBSD Secure Shell server...
         Starting Snappy daemon...
[[0;32m  OK  [0m] Started Unattended Upgrades Shutdown.
[[0;32m  OK  [0m] Started System Logging Service.
[[0;32m  OK  [0m] Started OpenBSD Secure Shell server.
[[0;32m  OK  [0m] Started /etc/rc.local Compatibility.
[[0;32m  OK  [0m] Started LXD - container startup/shutdown.
[[0;32m  OK  [0m] Started LSB: Record successful boot for GRUB.
[[0;32m  OK  [0m] Started Login to default iSCSI targets.
[[0;32m  OK  [0m] Started Snappy daemon.
[[0;32m  OK  [0m] Started LSB: MD monitoring daemon.
[[0;32m  OK  [0m] Started Login Service.
         Starting Authenticate and Authorize Users to Run Privileged Tasks...
[[0;32m  OK  [0m] Reached target Remote File Systems (Pre).
[[0;32m  OK  [0m] Reached target Remote File Systems.
         Starting Permit User Sessions...
         Starting LSB: Set the CPU Frequency Scaling governor to "ondemand"...
         Starting LSB: VirtualBox Linux Additions...
         Starting LSB: daemon to balance interrupts for SMP systems...
         Starting LSB: automatic crash report generation...
[   23.578803] cloud-init[1074]: Cloud-init v. 17.1 running 'modules:config' at Fri, 17 Nov 2017 02:10:19 +0000. Up 23.41 seconds.
[[0;32m  OK  [0m] Started Permit User Sessions.
[[0;32m  OK  [0m] Started Authenticate and Authorize Users to Run Privileged Tasks.
[[0;32m  OK  [0m] Started Accounts Service.
[[0;32m  OK  [0m] Started Apply the settings specified in cloud-config.
[[0;32m  OK  [0m] Started LSB: Set the CPU Frequency Scaling governor to "ondemand".
         Starting Terminate Plymouth Boot Screen...
         Starting Hold until boot process finishes up...
[[0;32m  OK  [0m] Started LSB: daemon to balance interrupts for SMP systems.
[[0;32m  OK  [0m] Started LSB: automatic crash report generation.
[[0;32m  OK  [0m] Started Terminate Plymouth Boot Screen.
[[0;32m  OK  [0m] Started LSB: VirtualBox Linux Additions.
[[0;32m  OK  [0m] Started Hold until boot process finishes up.
[[0;32m  OK  [0m] Started Getty on tty1.
[[0;32m  OK  [0m] Started Serial Getty on ttyS0.
[[0;32m  OK  [0m] Reached target Login Prompts.
         Starting Set console scheme...
[[0;32m  OK  [0m] Reached target Multi-User System.
         Starting Execute cloud user/final scripts...
[[0;32m  OK  [0m] Reached target Graphical Interface.
         Starting Update UTMP about System Runlevel Changes...
[[0;32m  OK  [0m] Started Set console scheme.
[[0;32m  OK  [0m] Started Update UTMP about System Runlevel Changes.
[   24.384096] cloud-init[1198]: Cloud-init v. 17.1 running 'modules:final' at Fri, 17 Nov 2017 02:10:20 +0000. Up 24.26 seconds.
[   24.392705] cloud-init[1198]: Cloud-init v. 17.1 finished at Fri, 17 Nov 2017 02:10:20 +0000. Datasource DataSourceNoCloud [seed=/dev/sdb][dsmode=net].  Up 24.37 seconds
[[0;32m  OK  [0m] Started Execute cloud user/final scripts.
[[0;32m  OK  [0m] Reached target Cloud-init target.
         Starting Daily apt download activities...
[[0;32m  OK  [0m] Created slice User Slice of ubuntu.
         Starting User Manager for UID 1000...
[[0;32m  OK  [0m] Started User Manager for UID 1000.
[[0;32m  OK  [0m] Started Session 1 of user ubuntu.

Ubuntu 16.04.3 LTS ubuntu-xenial ttyS0

ubuntu-xenial login:          Sn         Stopping System Logging Service...
         Stopping FUSE filesystem for LXC...
         Stopping LSB: VirtualBox Linux Additions...
         Stopping LSB: MD monitoring daemon...
         Stopping LSB: Set the CPU Frequency Scaling governor to "ondemand"...
         Stopping Regular background program processing daemon...
         Stopping LSB: Record successful boot for GRUB...
         Stopping LXD - container startup/shutdown...
         Stopping D-Bus System Message Bus...
         Stopping LSB: automatic crash report generation...
         Stopping Snappy daemon...
         Stopping LSB: daemon to balance interrupts for SMP systems...
[[0;32m  OK  [0m] Stopped Apply the settings specified in cloud-config.
[[0;32m  OK  [0m] Stopped target Cloud-config availability.
[[0;32m  OK  [0m] Stopped target Timers.
[[0;32m  OK  [0m] Stopped Daily apt upgrade and clean activities.
[[0;32m  OK  [0m] Stopped Daily apt download activities.
[[0;32m  OK  [0m] Stopped Daily Cleanup of Temporary Directories.
[[0;32m  OK  [0m] Stopped Timer to automatically refresh installed snaps.
[[0;32m  OK  [0m] Stopped target System Time Synchronized.
[[0;32m  OK  [0m] Unmounted /var/lib/lxcfs.
[[0;32m  OK  [0m] Stopped ACPI event daemon.
[[0;32m  OK  [0m] Stopped System Logging Service.
[[0;32m  OK  [0m] Stopped Deferred execution scheduler.
[[0;32m  OK  [0m] Stopped Regular background program processing daemon.
[[0;32m  OK  [0m] Stopped Accounts Service.
[[0;32m  OK  [0m] Stopped OpenBSD Secure Shell server.
[[0;32m  OK  [0m] Stopped Snappy daemon.
[[0;32m  OK  [0m] Stopped Authenticate and Authorize Users to Run Privileged Tasks.
[[0;32m  OK  [0m] Stopped Getty on tty1.
[[0;32m  OK  [0m] Stopped Serial Getty on ttyS0.
[[0;32m  OK  [0m] Stopped User Manager for UID 1000.
[[0;32m  OK  [0m] Stopped Unattended Upgrades Shutdown.
[[0;32m  OK  [0m] Stopped Session 6 of user ubuntu.
[[0;32m  OK  [0m] Stopped D-Bus System Message Bus.
[[0;32m  OK  [0m] Stopped FUSE filesystem for LXC.
[[0;32m  OK  [0m] Stopped LSB: MD monitoring daemon.
[[0;32m  OK  [0m] Stopped LSB: VirtualBox Linux Additions.
[[0;32m  OK  [0m] Stopped LSB: Set the CPU Frequency Scaling governor to "ondemand".
[[0;32m  OK  [0m] Stopped LSB: Record successful boot for GRUB.
[[0;32m  OK  [0m] Stopped LXD - container startup/shutdown.
[[0;32m  OK  [0m] Stopped LSB: automatic crash report generation.
[[0;32m  OK  [0m] Stopped LSB: daemon to balance interrupts for SMP systems.
[[0;32m  OK  [0m] Removed slice User Slice of ubuntu.
         Stopping Login Service...
[[0;32m  OK  [0m] Removed slice system-serial\x2dgetty.slice.
         Stopping Permit User Sessions...
[[0;32m  OK  [0m] Stopped /etc/rc.local Compatibility.
[[0;32m  OK  [0m] Removed slice system-getty.slice.
[[0;32m  OK  [0m] Stopped Login Service.
[[0;32m  OK  [0m] Stopped Permit User Sessions.
[[0;32m  OK  [0m] Stopped target Remote File Systems.
[[0;32m  OK  [0m] Stopped target Remote File Systems (Pre).
         Stopping Login to default iSCSI targets...
[[0;32m  OK  [0m] Stopped target Basic System.
[[0;32m  OK  [0m] Stopped target Paths.
[[0;32m  OK  [0m] Stopped Forward Password Requests to Wall Directory Watch.
[[0;32m  OK  [0m] Stopped Dispatch Password Requests to Console Directory Watch.
[[0;32m  OK  [0m] Stopped ACPI Events Check.
[[0;32m  OK  [0m] Stopped target Sockets.
[[0;32m  OK  [0m] Closed UUID daemon activation socket.
[[0;32m  OK  [0m] Closed Socket activation for snappy daemon.
[[0;32m  OK  [0m] Closed ACPID Listen Socket.
[[0;32m  OK  [0m] Closed Syslog Socket.
[[0;32m  OK  [0m] Closed D-Bus System Message Bus Socket.
[[0;32m  OK  [0m] Closed LXD - unix socket.
[[0;32m  OK  [0m] Stopped target Slices.
[[0;32m  OK  [0m] Stopped target User and Group Name Lookups.
[[0;32m  OK  [0m] Stopped target System Initialization.
         Stopping Update UTMP about System Boot/Shutdown...
         Stopping Load/Save Random Seed...
[[0;32m  OK  [0m] Stopped target Encrypted Volumes.
[[0;32m  OK  [0m] Stopped target Swap.
[[0;32m  OK  [0m] Removed slice User and Session Slice.
[[0;32m  OK  [0m] Stopped Load/Save Random Seed.
[[0;32m  OK  [0m] Stopped Update UTMP about System Boot/Shutdown.
[[0;32m  OK  [0m] Stopped Login to default iSCSI targets.
         Stopping iSCSI initiator daemon (iscsid)...
[[0;32m  OK  [0m] Stopped Create Volatile Files and Directories.
[[0;32m  OK  [0m] Stopped iSCSI initiator daemon (iscsid).
[[0;32m  OK  [0m] Stopped target Network is Online.
[[0;32m  OK  [0m] Stopped target Network.
[[0;32m  OK  [0m] Stopped Initial cloud-init job (metadata service crawler).
         Stopping Raise network interfaces...
[[0;32m  OK  [0m] Stopped Raise network interfaces.
[[0;32m  OK  [0m] Stopped target Network (Pre).
[[0;32m  OK  [0m] Stopped Initial cloud-init job (pre-networking).
[[0;32m  OK  [0m] Stopped target Local File Systems.
         Unmounting /vagrant...
         Unmounting /run/user/1000...
[[0;32m  OK  [0m] Stopped Apply Kernel Variables.
[[0;32m  OK  [0m] Stopped Load Kernel Modules.
[[0;32m  OK  [0m] Unmounted /vagrant.
[[0;32m  OK  [0m] Unmounted /run/user/1000.
[[0;32m  OK  [0m] Reached target Unmount All Filesystems.
[[0;32m  OK  [0m] Stopped target Local File Systems (Pre).
         Stopping Monitoring of LVM2 mirrors... dmeventd or progress polling...
[[0;32m  OK  [0m] Stopped Create Static Device Nodes in /dev.
[[0;32m  OK  [0m] Stopped Remount Root and Kernel File Systems.
[[0;32m  OK  [0m] Reached target Shutdown.
[ 8861.388491] reboot: Power down