[    0.000000] Initializing cgroup subsys cpuset
[    0.000000] Initializing cgroup subsys cpu
[    0.000000] Initializing cgroup subsys cpuacct
[    0.000000] Linux version 4.4.0-101-generic (buildd@lcy01-amd64-006) (gcc version 5.4.0 20160609 (Ubuntu 5.4.0-6ubuntu1~16.04.5) ) #124-Ubuntu SMP Fri Nov 10 18:29:59 UTC 2017 (Ubuntu 4.4.0-101.124-generic 4.4.95)
[    0.000000] Command line: BOOT_IMAGE=/boot/vmlinuz-4.4.0-101-generic root=UUID=ada4dcd2-3877-4526-85bf-7d4a18ed8033 ro console=tty1 console=ttyS0
[    0.000000] KERNEL supported cpus:
[    0.000000]   Intel GenuineIntel
[    0.000000]   AMD AuthenticAMD
[    0.000000]   Centaur CentaurHauls
[    0.000000] ------------[ cut here ]------------
[    0.000000] WARNING: CPU: 0 PID: 0 at /build/linux-FmWmUC/linux-4.4.0/arch/x86/kernel/fpu/xstate.c:517 fpu__init_system_xstate+0x38b/0x75a()
[    0.000000] XSAVE consistency problem, dumping leaves
[    0.000000] Modules linked in:
[    0.000000] CPU: 0 PID: 0 Comm: swapper Not tainted 4.4.0-101-generic #124-Ubuntu
[    0.000000]  0000000000000086 ee74eaf2ff7c3971 ffffffff81e03d80 ffffffff813fb4d3
[    0.000000]  ffffffff81e03dc8 ffffffff81caa910 ffffffff81e03db8 ffffffff810812e2
[    0.000000]  ffffffff81e03e48 ffffffff81e03e4c 0000000000000008 0000000000000100
[    0.000000] Call Trace:
[    0.000000]  [<ffffffff813fb4d3>] dump_stack+0x63/0x90
[    0.000000]  [<ffffffff810812e2>] warn_slowpath_common+0x82/0xc0
[    0.000000]  [<ffffffff8108137c>] warn_slowpath_fmt+0x5c/0x80
[    0.000000]  [<ffffffff8107cff0>] ? xfeature_size+0x59/0x77
[    0.000000]  [<ffffffff81f6e20b>] fpu__init_system_xstate+0x38b/0x75a
[    0.000000]  [<ffffffff81f5e120>] ? early_idt_handler_array+0x120/0x120
[    0.000000]  [<ffffffff81f6db76>] fpu__init_system+0x10d/0x245
[    0.000000]  [<ffffffff81f6ec7f>] early_cpu_init+0x139/0x13e
[    0.000000]  [<ffffffff81f6ec7f>] ? early_cpu_init+0x139/0x13e
[    0.000000]  [<ffffffff81f6a181>] setup_arch+0xb4/0xcf6
[    0.000000]  [<ffffffff81f5e120>] ? early_idt_handler_array+0x120/0x120
[    0.000000]  [<ffffffff81f5ec74>] start_kernel+0xe4/0x4a2
[    0.000000]  [<ffffffff81f5e120>] ? early_idt_handler_array+0x120/0x120
[    0.000000]  [<ffffffff81f5e339>] x86_64_start_reservations+0x2a/0x2c
[    0.000000]  [<ffffffff81f5e485>] x86_64_start_kernel+0x14a/0x16d
[    0.000000] ---[ end trace 4d5ff9f2f68c4233 ]---
[    0.000000] CPUID[0d, 00]: eax=00000007 ebx=00000440 ecx=00000440 edx=00000000
[    0.000000] CPUID[0d, 01]: eax=00000000 ebx=00000440 ecx=00000000 edx=00000000
[    0.000000] CPUID[0d, 02]: eax=00000100 ebx=00000240 ecx=00000000 edx=00000000
[    0.000000] CPUID[0d, 03]: eax=00000000 ebx=00000000 ecx=00000000 edx=00000000
[    0.000000] CPUID[0d, 04]: eax=00000000 ebx=00000000 ecx=00000000 edx=00000000
[    0.000000] CPUID[0d, 05]: eax=00000000 ebx=00000000 ecx=00000000 edx=00000000
[    0.000000] CPUID[0d, 06]: eax=00000000 ebx=00000000 ecx=00000000 edx=00000000
[    0.000000] CPUID[0d, 07]: eax=00000000 ebx=00000000 ecx=00000000 edx=00000000
[    0.000000] CPUID[0d, 08]: eax=00000000 ebx=00000000 ecx=00000000 edx=00000000
[    0.000000] CPUID[0d, 09]: eax=00000000 ebx=00000000 ecx=00000000 edx=00000000
[    0.000000] CPUID[0d, 0a]: eax=00000000 ebx=00000000 ecx=00000000 edx=00000000
[    0.000000] CPUID[0d, 0b]: eax=00000000 ebx=00000000 ecx=00000000 edx=00000000
[    0.000000] CPUID[0d, 0c]: eax=00000000 ebx=00000000 ecx=00000000 edx=00000000
[    0.000000] CPUID[0d, 0d]: eax=00000000 ebx=00000000 ecx=00000000 edx=00000000
[    0.000000] CPUID[0d, 0e]: eax=00000000 ebx=00000000 ecx=00000000 edx=00000000
[    0.000000] CPUID[0d, 0f]: eax=00000000 ebx=00000000 ecx=00000000 edx=00000000
[    0.000000] CPUID[0d, 10]: eax=00000000 ebx=00000000 ecx=00000000 edx=00000000
[    0.000000] CPUID[0d, 11]: eax=00000000 ebx=00000000 ecx=00000000 edx=00000000
[    0.000000] x86/fpu: xstate_offset[2]:  576, xstate_sizes[2]:  256
[    0.000000] x86/fpu: Supporting XSAVE feature 0x01: 'x87 floating point registers'
[    0.000000] x86/fpu: Supporting XSAVE feature 0x02: 'SSE registers'
[    0.000000] x86/fpu: Supporting XSAVE feature 0x04: 'AVX registers'
[    0.000000] x86/fpu: Enabled xstate features 0x7, context size is 1088 bytes, using 'standard' format.
[    0.000000] x86/fpu: Using 'lazy' FPU context switches.
[    0.000000] e820: BIOS-provided physical RAM map:
[    0.000000] BIOS-e820: [mem 0x0000000000000000-0x000000000009fbff] usable
[    0.000000] BIOS-e820: [mem 0x000000000009fc00-0x000000000009ffff] reserved
[    0.000000] BIOS-e820: [mem 0x00000000000f0000-0x00000000000fffff] reserved
[    0.000000] BIOS-e820: [mem 0x0000000000100000-0x000000003ffeffff] usable
[    0.000000] BIOS-e820: [mem 0x000000003fff0000-0x000000003fffffff] ACPI data
[    0.000000] BIOS-e820: [mem 0x00000000fec00000-0x00000000fec00fff] reserved
[    0.000000] BIOS-e820: [mem 0x00000000fee00000-0x00000000fee00fff] reserved
[    0.000000] BIOS-e820: [mem 0x00000000fffc0000-0x00000000ffffffff] reserved
[    0.000000] NX (Execute Disable) protection: active
[    0.000000] SMBIOS 2.5 present.
[    0.000000] Hypervisor detected: KVM
[    0.000000] e820: last_pfn = 0x3fff0 max_arch_pfn = 0x400000000
[    0.000000] MTRR: Disabled
[    0.000000] x86/PAT: MTRRs disabled, skipping PAT initialization too.
[    0.000000] CPU MTRRs all blank - virtualized system.
[    0.000000] x86/PAT: Configuration [0-7]: WB  WT  UC- UC  WB  WT  UC- UC  
[    0.000000] found SMP MP-table at [mem 0x0009fff0-0x0009ffff] mapped at [ffff88000009fff0]
[    0.000000] Scanning 1 areas for low memory corruption
[    0.000000] RAMDISK: [mem 0x36232000-0x37110fff]
[    0.000000] ACPI: Early table checksum verification disabled
[    0.000000] ACPI: RSDP 0x00000000000E0000 000024 (v02 VBOX  )
[    0.000000] ACPI: XSDT 0x000000003FFF0030 00003C (v01 VBOX   VBOXXSDT 00000001 ASL  00000061)
[    0.000000] ACPI: FACP 0x000000003FFF00F0 0000F4 (v04 VBOX   VBOXFACP 00000001 ASL  00000061)
[    0.000000] ACPI: DSDT 0x000000003FFF0470 0021FF (v02 VBOX   VBOXBIOS 00000002 INTL 20100528)
[    0.000000] ACPI: FACS 0x000000003FFF0200 000040
[    0.000000] ACPI: FACS 0x000000003FFF0200 000040
[    0.000000] ACPI: APIC 0x000000003FFF0240 00005C (v02 VBOX   VBOXAPIC 00000001 ASL  00000061)
[    0.000000] ACPI: SSDT 0x000000003FFF02A0 0001CC (v01 VBOX   VBOXCPUT 00000002 INTL 20100528)
[    0.000000] No NUMA configuration found
[    0.000000] Faking a node at [mem 0x0000000000000000-0x000000003ffeffff]
[    0.000000] NODE_DATA(0) allocated [mem 0x3ffeb000-0x3ffeffff]
[    0.000000] kvm-clock: Using msrs 4b564d01 and 4b564d00
[    0.000000] kvm-clock: cpu 0, msr 0:3ffe3001, primary cpu clock
[    0.000000] kvm-clock: using sched offset of 3385591140 cycles
[    0.000000] clocksource: kvm-clock: mask: 0xffffffffffffffff max_cycles: 0x1cd42e4dffb, max_idle_ns: 881590591483 ns
[    0.000000] Zone ranges:
[    0.000000]   DMA      [mem 0x0000000000001000-0x0000000000ffffff]
[    0.000000]   DMA32    [mem 0x0000000001000000-0x000000003ffeffff]
[    0.000000]   Normal   empty
[    0.000000]   Device   empty
[    0.000000] Movable zone start for each node
[    0.000000] Early memory node ranges
[    0.000000]   node   0: [mem 0x0000000000001000-0x000000000009efff]
[    0.000000]   node   0: [mem 0x0000000000100000-0x000000003ffeffff]
[    0.000000] Initmem setup node 0 [mem 0x0000000000001000-0x000000003ffeffff]
[    0.000000] ACPI: PM-Timer IO Port: 0x4008
[    0.000000] IOAPIC[0]: apic_id 2, version 32, address 0xfec00000, GSI 0-23
[    0.000000] ACPI: INT_SRC_OVR (bus 0 bus_irq 0 global_irq 2 dfl dfl)
[    0.000000] ACPI: INT_SRC_OVR (bus 0 bus_irq 9 global_irq 9 high level)
[    0.000000] Using ACPI (MADT) for SMP configuration information
[    0.000000] smpboot: Allowing 2 CPUs, 0 hotplug CPUs
[    0.000000] PM: Registered nosave memory: [mem 0x00000000-0x00000fff]
[    0.000000] PM: Registered nosave memory: [mem 0x0009f000-0x0009ffff]
[    0.000000] PM: Registered nosave memory: [mem 0x000a0000-0x000effff]
[    0.000000] PM: Registered nosave memory: [mem 0x000f0000-0x000fffff]
[    0.000000] e820: [mem 0x40000000-0xfebfffff] available for PCI devices
[    0.000000] Booting paravirtualized kernel on KVM
[    0.000000] clocksource: refined-jiffies: mask: 0xffffffff max_cycles: 0xffffffff, max_idle_ns: 7645519600211568 ns
[    0.000000] setup_percpu: NR_CPUS:512 nr_cpumask_bits:512 nr_cpu_ids:2 nr_node_ids:1
[    0.000000] PERCPU: Embedded 34 pages/cpu @ffff88003fc00000 s98328 r8192 d32744 u1048576
[    0.000000] PV qspinlock hash table entries: 256 (order: 0, 4096 bytes)
[    0.000000] Built 1 zonelists in Node order, mobility grouping on.  Total pages: 257913
[    0.000000] Policy zone: DMA32
[    0.000000] Kernel command line: BOOT_IMAGE=/boot/vmlinuz-4.4.0-101-generic root=UUID=ada4dcd2-3877-4526-85bf-7d4a18ed8033 ro console=tty1 console=ttyS0
[    0.000000] PID hash table entries: 4096 (order: 3, 32768 bytes)
[    0.000000] Memory: 997336K/1048120K available (8484K kernel code, 1294K rwdata, 3988K rodata, 1492K init, 1316K bss, 50784K reserved, 0K cma-reserved)
[    0.000000] SLUB: HWalign=64, Order=0-3, MinObjects=0, CPUs=2, Nodes=1
[    0.000000] Hierarchical RCU implementation.
[    0.000000] 	Build-time adjustment of leaf fanout to 64.
[    0.000000] 	RCU restricting CPUs from NR_CPUS=512 to nr_cpu_ids=2.
[    0.000000] RCU: Adjusting geometry for rcu_fanout_leaf=64, nr_cpu_ids=2
[    0.000000] NR_IRQS:33024 nr_irqs:440 16
[    0.000000] Console: colour VGA+ 80x25
[    0.000000] console [tty1] enabled
[    0.000000] console [ttyS0] enabled
[    0.000000] tsc: Detected 2712.002 MHz processor
[    5.143002] Calibrating delay loop (skipped) preset value.. 5424.00 BogoMIPS (lpj=10848008)
[    5.150658] pid_max: default: 32768 minimum: 301
[    5.151776] ACPI: Core revision 20150930
[    5.168600] ACPI: 2 ACPI AML tables successfully acquired and loaded
[    5.222864] Security Framework initialized
[    5.223600] Yama: becoming mindful.
[    5.224264] AppArmor: AppArmor initialized
[    5.225062] Dentry cache hash table entries: 131072 (order: 8, 1048576 bytes)
[    5.231192] Inode-cache hash table entries: 65536 (order: 7, 524288 bytes)
[    5.235412] Mount-cache hash table entries: 2048 (order: 2, 16384 bytes)
[    5.252419] Mountpoint-cache hash table entries: 2048 (order: 2, 16384 bytes)
[    5.253677] Initializing cgroup subsys io
[    5.254401] Initializing cgroup subsys memory
[    5.258054] Initializing cgroup subsys devices
[    5.258832] Initializing cgroup subsys freezer
[    5.259635] Initializing cgroup subsys net_cls
[    5.306564] Initializing cgroup subsys perf_event
[    5.310643] Initializing cgroup subsys net_prio
[    5.339754] Initializing cgroup subsys hugetlb
[    5.378317] Initializing cgroup subsys pids
[    5.422772] CPU: Physical Processor ID: 0
[    5.444321] CPU: Processor Core ID: 0
[    5.468416] mce: CPU supports 0 MCE banks
[    5.505823] Last level iTLB entries: 4KB 64, 2MB 8, 4MB 8
[    5.595550] Last level dTLB entries: 4KB 64, 2MB 0, 4MB 0, 1GB 4
[    5.680746] Freeing SMP alternatives memory: 32K
[    5.739853] ftrace: allocating 32156 entries in 126 pages
[    5.831354] smpboot: APIC(0) Converting physical 0 to logical package 0
[    5.874850] smpboot: Max logical packages: 1
[    5.902747] x2apic enabled
[    5.933109] Switched APIC routing to physical x2apic.
[    5.983701] ..TIMER: vector=0x30 apic1=0 pin1=2 apic2=-1 pin2=-1
[    6.149804] smpboot: CPU0: Intel(R) Core(TM) i5-7200U CPU @ 2.50GHz (family: 0x6, model: 0x8e, stepping: 0x9)
[    6.195225] Performance Events: unsupported p6 CPU model 142 no PMU driver, software events only.
[    6.197034] KVM setup paravirtual spinlock
[    6.198466] x86: Booting SMP configuration:
[    6.200417] .... node  #0, CPUs:      #1
[    6.211780] kvm-clock: cpu 1, msr 0:3ffe3041, secondary cpu clock
[    6.234182] mce: CPU supports 0 MCE banks
[    6.251866] x86: Booted up 1 node, 2 CPUs
[    6.294734] smpboot: Total of 2 processors activated (10848.00 BogoMIPS)
[    6.296226] devtmpfs: initialized
[    6.300386] evm: security.selinux
[    6.302505] evm: security.SMACK64
[    6.313208] evm: security.SMACK64EXEC
[    6.366229] evm: security.SMACK64TRANSMUTE
[    6.383379] evm: security.SMACK64MMAP
[    6.384069] evm: security.ima
[    6.402170] evm: security.capability
[    6.412317] clocksource: jiffies: mask: 0xffffffff max_cycles: 0xffffffff, max_idle_ns: 7645041785100000 ns
[    6.476661] futex hash table entries: 512 (order: 3, 32768 bytes)
[    6.543050] pinctrl core: initialized pinctrl subsystem
[    6.586787] RTC time:  7:37:13, date: 12/05/17
[    6.641956] NET: Registered protocol family 16
[    6.700311] cpuidle: using governor ladder
[    6.730671] cpuidle: using governor menu
[    6.774168] PCCT header not found.
[    6.817029] ACPI: bus type PCI registered
[    6.874655] acpiphp: ACPI Hot Plug PCI Controller Driver version: 0.5
[    6.927525] PCI: Using configuration type 1 for base access
[    6.989309] ACPI: Added _OSI(Module Device)
[    7.024573] ACPI: Added _OSI(Processor Device)
[    7.087219] ACPI: Added _OSI(3.0 _SCP Extensions)
[    7.153279] ACPI: Added _OSI(Processor Aggregator Device)
[    7.211880] ACPI: Executed 1 blocks of module-level executable AML code
[    7.272058] ACPI: Interpreter enabled
[    7.303397] ACPI: (supports S0 S5)
[    7.307343] ACPI: Using IOAPIC for interrupt routing
[    7.359291] PCI: Using host bridge windows from ACPI; if necessary, use "pci=nocrs" and report a bug
[    7.446165] ACPI: PCI Root Bridge [PCI0] (domain 0000 [bus 00-ff])
[    7.491023] acpi PNP0A03:00: _OSC: OS supports [ASPM ClockPM Segments MSI]
[    7.578225] acpi PNP0A03:00: _OSC: not requesting OS control; OS requires [ExtendedConfig ASPM ClockPM MSI]
[    7.702534] acpi PNP0A03:00: fail to add MMCONFIG information, can't access extended PCI configuration space under this bridge.
[    7.858106] PCI host bridge to bus 0000:00
[    7.897227] pci_bus 0000:00: root bus resource [io  0x0000-0x0cf7 window]
[    7.982975] pci_bus 0000:00: root bus resource [io  0x0d00-0xffff window]
[    7.999318] pci_bus 0000:00: root bus resource [mem 0x000a0000-0x000bffff window]
[    8.032352] pci_bus 0000:00: root bus resource [mem 0x40000000-0xffdfffff window]
[    8.092656] pci_bus 0000:00: root bus resource [bus 00-ff]
[    8.137378] pci 0000:00:01.1: legacy IDE quirk: reg 0x10: [io  0x01f0-0x01f7]
[    8.200193] pci 0000:00:01.1: legacy IDE quirk: reg 0x14: [io  0x03f6]
[    8.241307] pci 0000:00:01.1: legacy IDE quirk: reg 0x18: [io  0x0170-0x0177]
[    8.306559] pci 0000:00:01.1: legacy IDE quirk: reg 0x1c: [io  0x0376]
[    8.363125] pci 0000:00:07.0: quirk: [io  0x4000-0x403f] claimed by PIIX4 ACPI
[    8.452908] pci 0000:00:07.0: quirk: [io  0x4100-0x410f] claimed by PIIX4 SMB
[    8.536155] ACPI: PCI Interrupt Link [LNKA] (IRQs 5 9 10 *11)
[    8.598883] ACPI: PCI Interrupt Link [LNKB] (IRQs 5 9 10 *11)
[    8.658959] ACPI: PCI Interrupt Link [LNKC] (IRQs 5 9 *10 11)
[    8.693222] ACPI: PCI Interrupt Link [LNKD] (IRQs 5 *9 10 11)
[    8.725521] ACPI: Enabled 2 GPEs in block 00 to 07
[    8.782985] vgaarb: setting as boot device: PCI:0000:00:02.0
[    8.867580] vgaarb: device added: PCI:0000:00:02.0,decodes=io+mem,owns=io+mem,locks=none
[    8.941180] vgaarb: loaded
[    8.950404] vgaarb: bridge control possible 0000:00:02.0
[    9.053146] SCSI subsystem initialized
[    9.090132] ACPI: bus type USB registered
[    9.126830] usbcore: registered new interface driver usbfs
[    9.179852] usbcore: registered new interface driver hub
[    9.212441] usbcore: registered new device driver usb
[    9.251647] PCI: Using ACPI for IRQ routing
[    9.282610] NetLabel: Initializing
[    9.299682] NetLabel:  domain hash size = 128
[    9.322340] NetLabel:  protocols = UNLABELED CIPSOv4
[    9.362750] NetLabel:  unlabeled traffic allowed by default
[    9.391615] amd_nb: Cannot enumerate AMD northbridges
[    9.397733] clocksource: Switched to clocksource kvm-clock
[    9.439840] AppArmor: AppArmor Filesystem Enabled
[    9.505496] pnp: PnP ACPI init
[    9.506788] pnp: PnP ACPI: found 3 devices
[    9.516875] clocksource: acpi_pm: mask: 0xffffff max_cycles: 0xffffff, max_idle_ns: 2085701024 ns
[    9.633106] NET: Registered protocol family 2
[    9.724291] TCP established hash table entries: 8192 (order: 4, 65536 bytes)
[    9.776743] TCP bind hash table entries: 8192 (order: 5, 131072 bytes)
[    9.855772] TCP: Hash tables configured (established 8192 bind 8192)
[    9.987993] UDP hash table entries: 512 (order: 2, 16384 bytes)
[   10.065988] UDP-Lite hash table entries: 512 (order: 2, 16384 bytes)
[   10.073069] NET: Registered protocol family 1
[   10.073828] pci 0000:00:00.0: Limiting direct PCI/PCI transfers
[   10.074834] pci 0000:00:01.0: Activating ISA DMA hang workarounds
[   10.088605] Unpacking initramfs...
[   10.373254] Freeing initrd memory: 15228K
[   10.406412] platform rtc_cmos: registered platform RTC device (no PNP device found)
[   10.448528] Scanning for low memory corruption every 60 seconds
[   10.453516] audit: initializing netlink subsys (disabled)
[   10.476395] audit: type=2000 audit(1512459433.900:1): initialized
[   10.483445] Initialise system trusted keyring
[   10.522673] HugeTLB registered 2 MB page size, pre-allocated 0 pages
[   10.528238] zbud: loaded
[   10.528995] VFS: Disk quotas dquot_6.6.0
[   10.529724] VFS: Dquot-cache hash table entries: 512 (order 0, 4096 bytes)
[   10.531010] squashfs: version 4.0 (2009/01/31) Phillip Lougher
[   10.532245] fuse init (API version 7.23)
[   10.533108] Key type big_key registered
[   10.533833] Allocating IMA MOK and blacklist keyrings.
[   10.535897] Key type asymmetric registered
[   10.536623] Asymmetric key parser 'x509' registered
[   10.537475] Block layer SCSI generic (bsg) driver version 0.4 loaded (major 249)
[   10.538850] io scheduler noop registered
[   10.539551] io scheduler deadline registered (default)
[   10.540413] io scheduler cfq registered
[   10.541197] pci_hotplug: PCI Hot Plug PCI Core version: 0.5
[   10.584790] pciehp: PCI Express Hot Plug Controller Driver version: 0.4
[   10.627100] ACPI: AC Adapter [AC] (on-line)
[   10.672521] input: Power Button as /devices/LNXSYSTM:00/LNXPWRBN:00/input/input0
[   10.730947] ACPI: Power Button [PWRF]
[   10.779273] input: Sleep Button as /devices/LNXSYSTM:00/LNXSLPBN:00/input/input1
[   10.831454] ACPI: Sleep Button [SLPF]
[   10.913306] GHES: HEST is not enabled!
[   10.913912] ACPI: Battery Slot [BAT0] (battery present)
[   11.064206] Serial: 8250/16550 driver, 32 ports, IRQ sharing enabled
[   11.181339] 00:02: ttyS0 at I/O 0x3f8 (irq = 4, base_baud = 115200) is a 16550A
[   11.236233] Linux agpgart interface v0.103
[   11.274355] loop: module loaded
[   11.304234] scsi host0: ata_piix
[   11.337550] scsi host1: ata_piix
[   11.356966] ata1: PATA max UDMA/33 cmd 0x1f0 ctl 0x3f6 bmdma 0xd000 irq 14
[   11.406275] tsc: Refined TSC clocksource calibration: 2711.487 MHz
[   11.406277] clocksource: tsc: mask: 0xffffffffffffffff max_cycles: 0x2715a1a1cf9, max_idle_ns: 440795288661 ns
[   11.504973] ata2: PATA max UDMA/33 cmd 0x170 ctl 0x376 bmdma 0xd008 irq 15
[   11.509323] libphy: Fixed MDIO Bus: probed
[   11.510443] tun: Universal TUN/TAP device driver, 1.6
[   11.513930] tun: (C) 1999-2004 Max Krasnyansky <maxk@qualcomm.com>
[   11.553083] PPP generic driver version 2.4.2
[   11.575253] ehci_hcd: USB 2.0 'Enhanced' Host Controller (EHCI) Driver
[   11.576252] ehci-pci: EHCI PCI platform driver
[   11.577055] ehci-platform: EHCI generic platform driver
[   11.577928] ohci_hcd: USB 1.1 'Open' Host Controller (OHCI) Driver
[   11.580435] ohci-pci: OHCI PCI platform driver
[   11.581200] ohci-platform: OHCI generic platform driver
[   11.585400] uhci_hcd: USB Universal Host Controller Interface driver
[   11.588184] i8042: PNP: PS/2 Controller [PNP0303:PS2K,PNP0f03:PS2M] at 0x60,0x64 irq 1,12
[   11.609180] serio: i8042 KBD port at 0x60,0x64 irq 1
[   11.653658] serio: i8042 AUX port at 0x60,0x64 irq 12
[   11.656583] mousedev: PS/2 mouse device common for all mice
[   11.664830] input: AT Translated Set 2 keyboard as /devices/platform/i8042/serio0/input/input2
[   11.669482] rtc_cmos rtc_cmos: rtc core: registered rtc_cmos as rtc0
[   11.707153] rtc_cmos rtc_cmos: alarms up to one day, 114 bytes nvram
[   11.774654] i2c /dev entries driver
[   11.848718] device-mapper: uevent: version 1.0.3
[   11.903825] device-mapper: ioctl: 4.34.0-ioctl (2015-10-28) initialised: dm-devel@redhat.com
[   12.003748] ledtrig-cpu: registered to indicate activity on CPUs
[   12.111231] NET: Registered protocol family 10
[   12.162788] NET: Registered protocol family 17
[   12.170685] Key type dns_resolver registered
[   12.202828] microcode: CPU0 sig=0x806e9, pf=0x8, revision=0x0
[   12.214651] microcode: CPU1 sig=0x806e9, pf=0x8, revision=0x0
[   12.228532] microcode: Microcode Update Driver: v2.01 <tigran@aivazian.fsnet.co.uk>, Peter Oruba
[   12.283479] registered taskstats version 1
[   12.299876] Loading compiled-in X.509 certificates
[   12.371355] Loaded X.509 cert 'Build time autogenerated kernel key: f91c6829a34a801956ec6287af569c0a1f1f8d39'
[   12.459015] zswap: loaded using pool lzo/zbud
[   12.463821] Key type trusted registered
[   12.474332] Key type encrypted registered
[   12.499997] AppArmor: AppArmor sha1 policy hashing enabled
[   12.513148] ima: No TPM chip found, activating TPM-bypass!
[   12.526931] evm: HMAC attrs: 0x1
[   12.565396]   Magic number: 13:732:621
[   12.568134] rtc_cmos rtc_cmos: setting system clock to 2017-12-05 07:37:19 UTC (1512459439)
[   12.576091] BIOS EDD facility v0.16 2004-Jun-25, 0 devices found
[   12.581081] EDD information not available.
[   12.595029] Freeing unused kernel memory: 1492K
[   12.602901] Write protecting the kernel read-only data: 14336k
[   12.605455] Freeing unused kernel memory: 1744K
[   12.618669] Freeing unused kernel memory: 108K
Loading, please [   12.686278] random: systemd-udevd: uninitialized urandom read (16 bytes read, 5 bits of entropy available)
wait...
startin[   12.686810] random: udevadm: uninitialized urandom read (16 bytes read, 5 bits of entropy available)
g version 229
[   12.686823] random: udevadm: uninitialized urandom read (16 bytes read, 5 bits of entropy available)
[   12.693626] random: udevadm: uninitialized urandom read (16 bytes read, 5 bits of entropy available)
[   12.693710] random: udevadm: uninitialized urandom read (16 bytes read, 5 bits of entropy available)
[   12.693853] random: udevadm: uninitialized urandom read (16 bytes read, 5 bits of entropy available)
[   12.693905] random: udevadm: uninitialized urandom read (16 bytes read, 5 bits of entropy available)
[   12.693957] random: udevadm: uninitialized urandom read (16 bytes read, 5 bits of entropy available)
[   12.694012] random: udevadm: uninitialized urandom read (16 bytes read, 5 bits of entropy available)
[   12.694059] random: udevadm: uninitialized urandom read (16 bytes read, 5 bits of entropy available)
[   12.943106] e1000: Intel(R) PRO/1000 Network Driver - version 7.3.21-k8-NAPI
[   12.981366] e1000: Copyright (c) 1999-2006 Intel Corporation.
[   13.044573] Fusion MPT base driver 3.04.20
[   13.068669] Copyright (c) 1999-2008 LSI Corporation
[   13.096953] AVX version of gcm_enc/dec engaged.
[   13.109840] AES CTR mode by8 optimization enabled
[   13.132883] Fusion MPT SPI Host driver 3.04.20
[   13.297689] input: ImExPS/2 Generic Explorer Mouse as /devices/platform/i8042/serio1/input/input4
[   13.434544] e1000 0000:00:03.0 eth0: (PCI:33MHz:32-bit) 02:eb:a5:7d:f3:dc
[   13.505246] e1000 0000:00:03.0 eth0: Intel(R) PRO/1000 Network Connection
[   13.539365] mptbase: ioc0: Initiating bringup
[   13.539878] e1000 0000:00:03.0 enp0s3: renamed from eth0
[   13.674517] ioc0: LSI53C1030 A0: Capabilities={Initiator}
[   13.880501] scsi host2: ioc0: LSI53C1030 A0, FwRev=00000000h, Ports=1, MaxQ=256, IRQ=20
[   14.151159] scsi 2:0:0:0: Direct-Access     VBOX     HARDDISK         1.0  PQ: 0 ANSI: 5
[   14.231145] scsi target2:0:0: Beginning Domain Validation
[   14.280988] scsi target2:0:0: Domain Validation skipping write tests
[   14.365025] scsi target2:0:0: Ending Domain Validation
[   14.394734] scsi target2:0:0: asynchronous
[   14.479888] scsi 2:0:1:0: Direct-Access     VBOX     HARDDISK         1.0  PQ: 0 ANSI: 5
[   14.650752] scsi target2:0:1: Beginning Domain Validation
[   14.701263] scsi target2:0:1: Domain Validation skipping write tests
[   14.709294] scsi target2:0:1: Ending Domain Validation
[   14.762608] scsi target2:0:1: asynchronous
[   14.768867] sd 2:0:0:0: Attached scsi generic sg0 type 0
[   14.771089] sd 2:0:0:0: [sda] 20971520 512-byte logical blocks: (10.7 GB/10.0 GiB)
[   14.774006] sd 2:0:1:0: Attached scsi generic sg1 type 0
[   14.802534] sd 2:0:1:0: [sdb] 20480 512-byte logical blocks: (10.5 MB/10.0 MiB)
[   14.802536] sd 2:0:0:0: [sda] Write Protect is off
[   14.804702] sd 2:0:0:0: [sda] Incomplete mode parameter data
[   14.804821] sd 2:0:1:0: [sdb] Write Protect is off
[   14.804908] sd 2:0:1:0: [sdb] Incomplete mode parameter data
[   14.804909] sd 2:0:1:0: [sdb] Assuming drive cache: write through
[   14.820238] sd 2:0:1:0: [sdb] Attached SCSI disk
[   14.880867] sd 2:0:0:0: [sda] Assuming drive cache: write through
[   14.900209]  sda: sda1
[   14.941331] sd 2:0:0:0: [sda] Attached SCSI disk
[   16.078098] floppy0: no floppy controllers found
Begin: Loading e[   17.535018] md: linear personality registered for level -1
ssential drivers ... [   17.592203] md: multipath personality registered for level -4
[   17.666857] md: raid0 personality registered for level 0
[   17.733320] md: raid1 personality registered for level 1
[   17.870523] raid6: sse2x1   gen()  8851 MB/s
[   17.962184] raid6: sse2x1   xor()  4979 MB/s
[   18.077829] raid6: sse2x2   gen() 10494 MB/s
[   18.174043] raid6: sse2x2   xor()  7099 MB/s
[   18.270103] raid6: sse2x4   gen() 11735 MB/s
[   18.346006] raid6: sse2x4   xor()  7959 MB/s
[   18.364289] raid6: using algorithm sse2x4 gen() 11735 MB/s
[   18.380047] raid6: .... xor() 7959 MB/s, rmw enabled
[   18.389456] raid6: using ssse3x2 recovery algorithm
[   18.401667] xor: automatically using best checksumming function:
[   18.461782]    avx       : 18561.000 MB/sec
[   18.471620] async_tx: api initialized (async)
[   18.547228] md: raid6 personality registered for level 6
[   18.612084] md: raid5 personality registered for level 5
[   18.681038] md: raid4 personality registered for level 4
[   18.737987] md: raid10 personality registered for level 10
done.
Begin: Running /scripts/init-premount ... done[   18.796915] Btrfs loaded
.
Begin: Mounting root file system ... Begin: Running /scripts/local-top ... done.
Begin: Running /scripts/local-premount ... Scanning for Btrfs filesystems
done.
Warning: fsck no[   18.871358] EXT4-fs (sda1): INFO: recovery required on readonly filesystem
t present, so skipping root file system
[   18.946757] EXT4-fs (sda1): write access will be enabled during recovery
[   18.996545] EXT4-fs (sda1): recovery complete
[   19.003793] EXT4-fs (sda1): mounted filesystem with ordered data mode. Opts: (null)
done.
Begin: Running /scripts/local-bottom ... done.
Begin: Running /scripts/init-bottom ... done.
[   19.157529] systemd[1]: systemd 229 running in system mode. (+PAM +AUDIT +SELINUX +IMA +APPARMOR +SMACK +SYSVINIT +UTMP +LIBCRYPTSETUP +GCRYPT +GNUTLS +ACL +XZ -LZ4 +SECCOMP +BLKID +ELFUTILS +KMOD -IDN)
[   19.267508] systemd[1]: Detected virtualization oracle.
[   19.276515] systemd[1]: Detected architecture x86-64.

Welcome to [1mUbuntu 16.04.3 LTS[0m!

[   19.303341] systemd[1]: Set hostname to <ubuntu-xenial>.
[   19.557680] systemd[1]: Listening on LVM2 poll daemon socket.
[[0;32m  OK  [0m] Listening on LVM2 poll daemon socket.
[   19.731164] systemd[1]: Listening on udev Kernel Socket.
[[0;32m  OK  [0m] Listening on udev Kernel Socket.
[   19.822238] systemd[1]: Listening on Journal Socket.
[[0;32m  OK  [0m] Listening on Journal Socket.
[   19.914329] systemd[1]: Reached target Encrypted Volumes.
[[0;32m  OK  [0m] Reached target Encrypted Volumes.
[   20.066884] systemd[1]: Listening on LVM2 metadata daemon socket.
[[0;32m  OK  [0m] Listening on LVM2 metadata daemon socket.
[   20.158773] systemd[1]: Reached target User and Group Name Lookups.
[[0;32m  OK  [0m] Reached target User and Group Name Lookups.
[   20.280646] systemd[1]: Listening on Journal Socket (/dev/log).
[[0;32m  OK  [0m] Listening on Journal Socket (/dev/log).
[   20.394219] systemd[1]: Reached target Swap.
[[0;32m  OK  [0m] Reached target Swap.
[   20.426578] systemd[1]: Started Forward Password Requests to Wall Directory Watch.
[[0;32m  OK  [0m] Started Forward Password Requests to Wall Directory Watch.
[   20.566978] systemd[1]: Created slice User and Session Slice.
[[0;32m  OK  [0m] Created slice User and Session Slice.
[   20.706244] systemd[1]: Started Trigger resolvconf update for networkd DNS.
[[0;32m  OK  [0m] Started Trigger resolvconf update for networkd DNS.
[   20.850521] systemd[1]: Set up automount Arbitrary Executable File Formats File System Automount Point.
[[0;32m  OK  [0m] Set up automount Arbitrary Executab...ats File System Automount Point.
[   21.030484] systemd[1]: Created slice System Slice.
[[0;32m  OK  [0m] Created slice System Slice.
[   21.118758] systemd[1]: Mounting Debug File System...
[   21.119511] random: nonblocking pool is initialized
         Mounting Debug File System...
[   21.190356] systemd[1]: Starting Create list of required static device nodes for the current kernel...
         Starting Create list of required st... nodes for the current kernel...
[   21.326375] systemd[1]: Starting Remount Root and Kernel File Systems...
[   21.329494] EXT4-fs (sda1): re-mounted. Opts: (null)
         Starting Remount Root and Kernel File Systems...
[   21.494502] systemd[1]: Mounting POSIX Message Queue File System...
         Mounting POSIX Message Queue File System...
[   21.690360] systemd[1]: Mounting Huge Pages File System...
         Mounting Huge Pages File System...
[   21.763291] systemd[1]: Listening on Journal Audit Socket.
[[0;32m  OK  [0m] Listening on Journal Audit Socket.
[   22.023817] systemd[1]: Listening on /dev/initctl Compatibility Named Pipe.
[[0;32m  OK  [0m] Listening on /dev/initctl Compatibility Named Pipe.
[   22.137999] systemd[1]: Starting Set console keymap...
         Starting Set console keymap...
[   22.159468] systemd[1]: Starting Uncomplicated firewall...
         Starting Uncomplicated firewall...
[   22.210270] systemd[1]: Listening on udev Control Socket.
[[0;32m  OK  [0m] Listening on udev Control Socket.
[   22.358050] systemd[1]: Listening on Device-mapper event daemon FIFOs.
[[0;32m  OK  [0m] Listening on Device-mapper event daemon FIFOs.
[   22.546012] systemd[1]: Starting Monitoring of LVM2 mirrors, snapshots etc. using dmeventd or progress polling...
         Starting Monitoring of LVM2 mirrors... dmeventd or progress polling...
[   22.666313] systemd[1]: Reached target Slices.
[[0;32m  OK  [0m] Reached target Slices.
[   22.754637] systemd[1]: Created slice system-serial\x2dgetty.slice.
[[0;32m  OK  [0m] Created slice system-serial\x2dgetty.slice.
[   22.906190] systemd[1]: Starting Load Kernel Modules...
         Startin[   22.928392] Loading iSCSI transport class v2.0-870.
g Load Kernel Modules...
[   23.015247] iscsi: registered transport (tcp)
[   23.100180] systemd[1]: Listening on Syslog Socket.
[[0;32m  OK  [0m] Listening on[   23.181371] iscsi: registered transport (iser)
 Syslog Socket.
[   23.218534] systemd[1]: Starting Journal Service...
         Starting Journal Service...
[   23.234885] systemd[1]: Starting Nameserver information manager...
         Starting Nameserver information manager...
[   23.267387] systemd[1]: Mounted POSIX Message Queue File System.
[[0;32m  OK  [0m] Mounted POSIX Message Queue File System.
[   23.285365] systemd[1]: Mounted Debug File System.
[[0;32m  OK  [0m] Mounted Debug File System.
[   23.291397] systemd[1]: Mounted Huge Pages File System.
[[0;32m  OK  [0m] Mounted Huge Pages File System.
[   23.296375] systemd[1]: Started Journal Service.
[[0;32m  OK  [0m] Started Journal Service.
[[0;32m  OK  [0m] Started Create list of required sta...ce nodes for the current kernel.
[[0;32m  OK  [0m] Started Remount Root and Kernel File Systems.
[[0;32m  OK  [0m] Started Set console keymap.
[[0;32m  OK  [0m] Started Uncomplicated firewall.
[[0;32m  OK  [0m] Started Load Kernel Modules.
[[0;32m  OK  [0m] Started Nameserver information manager.
[[0;32m  OK  [0m] Started LVM2 metadata daemon.
         Starting Apply Kernel Variables...
         Mounting FUSE Control File System...
         Starting udev Coldplug all Devices...
         Starting Load/Save Random Seed...
         Starting Initial cloud-init job (pre-networking)...
         Starting Create Static Device Nodes in /dev...
         Starting Flush Journal to Persistent Storage...
[[0;32m  OK  [0m] Mounted FUSE Control File System.
[[0;32m  OK  [0m] Started Monitoring of LVM2 mirrors,...ng dmeventd or progress polling.
[[0;32m  OK  [0m] Started Apply Kernel Variables.
[[0;32m  OK  [0m] Started Load/Save Random Seed.
[[0;32m  OK  [0m] Started Create Static Device Nodes in /dev.
[[0;32m  OK  [0m] Started udev Coldplug all Devices.
[[0;32m  OK  [0m] Started Flush Journal to Persistent Storage.
         Starting udev Kernel Device Manager...
[[0;32m  OK  [0m] Started udev Kernel Device Manager.
[[0;32m  OK  [0m] Reached target Local File Systems (Pre).
[[0;32m  OK  [0m] Reached target Local File Systems.
         Starting Tell Plymouth To Write Out Runtime Data...
         Starting LSB: AppArmor initialization...
         Starting Set console font and keymap...
         Starting Create Volatile Files and Directories...
[[0;32m  OK  [0m] Started Dispatch Password Requests to Console Directory Watch.
[[0;32m  OK  [0m] Started Tell Plymouth To Write Out Runtime Data.
[[0;32m  OK  [0m] Started Create Volatile Files and Directories.
[[0;32m  OK  [0m] Found device /dev/ttyS0.
         Starting Update UTMP about System Boot/Shutdown...
[[0;32m  OK  [0m] Reached target System Time Synchronized.
[   16.157647] cloud-init[463]: Cloud-init v. 17.1 running 'init-local' at Tue, 05 Dec 2017 07:37:31 +0000. Up 15.63 seconds.
[[0;32m  OK  [0m] Started LSB: AppArmor initialization.
[[0;32m  OK  [0m] Started Initial cloud-init job (pre-networking).
[[0;32m  OK  [0m] Started Set console font and keymap.
[[0;32m  OK  [0m] Started Update UTMP about System Boot/Shutdown.
[[0;32m  OK  [0m] Found device 82540EM Gigabit Ethern...r (PRO/1000 MT Desktop Adapter).
[[0;32m  OK  [0m] Created slice system-getty.slice.
[[0;32m  OK  [0m] Listening on Load/Save RF Kill Switch Status /dev/rfkill Watch.
[[0;32m  OK  [0m] Reached target Network (Pre).
[[0;32m  OK  [0m] Started ifup for enp0s3.
         Starting Raise network interfaces...
[[0;32m  OK  [0m] Started Raise network interfaces.
         Starting Initial cloud-init job (metadata service crawler)...
[[0;32m  OK  [0m] Reached target Network.
[   19.439378] cloud-init[971]: Cloud-init v. 17.1 running 'init' at Tue, 05 Dec 2017 07:37:34 +0000. Up 19.10 seconds.
[   19.469881] cloud-init[971]: ci-info: +++++++++++++++++++++++++++++++++++++Net device info++++++++++++++++++++++++++++++++++++++
[   19.490757] cloud-init[971]: ci-info: +--------+------+----------------------------+---------------+-------+-------------------+
[   19.495010] [cloud-init[0;32m  OK  [0m[971]: ] ci-info: | Device |  Up  |          Address           |      Mask     | Scope |     Hw-Address    |Started Initial cloud-init job (metadata service crawler).

[   19.495428] cloud-init[971]: ci-info: +--------+------+----------------------------+---------------+-------+-------------------+
[[0;32m  OK  [0m] Reached target System Initialization.
[[0;32m  OK  [0m] Listening on ACPID Listen Socket.
         Starting LXD - unix socket.
[[0;32m  OK  [0m] Listening on UUID daemon activation socket.
         [   19.516218] Starting Socket activation for snappy daemon.cloud-init
[971]: ci-info: | enp0s3 | True |         10.0.2.15          | 255.255.255.0 |   .   | 02:eb:a5:7d:f3:dc |
[   19.701225] cloud-init[971]: ci-info: | enp0s3 | True | fe80::eb:a5ff:fe7d:f3dc/64 |       .       |  link | 02:eb:a5:7d:f3:dc |
[   19.701489] cloud-init[971]: ci-info: |   lo   | True |         127.0.0.1          |   255.0.0.0   |   .   |         .         |
[[0;32m  OK  [0m] Started ACPI Events Check.
[   19.701614] cloud-init[971]: ci-info: |   lo   | True |          ::1/128           |       .       |  host |         .         |
[   19.735308] cloud-init[971]: ci-info: +--------+------+----------------------------+---------------+-------+-------------------+
[[0;32m  OK  [0m] Reached target Paths.
[   19.735390] cloud-init[971]: ci-info: +++++++++++++++++++++++++++Route IPv4 info++++++++++++++++++++++++++++
[   19.810512] cloud-init[971]: ci-info: +-------+-------------+----------+---------------+-----------+-------+
[   19.810786] cloud-init[971]: ci-info: | Route | Destination | Gateway  |    Genmask    | Interface | Flags |
[[0;32m  OK  [0m] Started Timer to automatically refresh installed snaps.
[[   19.810931] cloud-init[971]: ci-info: +-------+-------------+----------+---------------+-----------+-------+
[   19.845147] cloud-init[971]: ci-info: |   0   |   0.0.0.0   | 10.0.2.2 |    0.0.0.0    |   enp0s3  |   UG  |
[0;32m  OK  [0m] Started Daily Cleanup of Temporary Directories.
[   19.845279] cloud-init[971]: ci-info: |   1   |   10.0.2.0  | 0.0.0.0  | 255.255.255.0 |   enp0s3  |   U   |
[   19.914892] cloud-init[971]: ci-info: +-------+-------------+----------+---------------+-----------+-------+
[[0;32m  OK  [0m] Listening on D-Bus System Message Bus Socket.
[[0;32m  OK  [0m] Reached target Cloud-config availability.
[[0;32m  OK  [0m] Reached target Network is Online.
[[0;32m  OK  [0m] Started Daily apt download activities.
[[0;32m  OK  [0m] Started Daily apt upgrade and clean activities.
[[0;32m  OK  [0m] Reached target Timers.
         Starting iSCSI initiator daemon (iscsid)...
[[0;32m  OK  [0m] Listening on LXD - unix socket.
[[0;32m  OK  [0m] Listening on Socket activation for snappy daemon.
[[0;32m  OK  [0m] Started iSCSI initiator daemon (iscsid).
         Starting Login to default iSCSI targets...
[[0;32m  OK  [0m] Reached target Sockets.
[[0;32m  OK  [0m] Reached target Basic System.
[[0;32m  OK  [0m] Started D-Bus System Message Bus.
         Starting Apply the settings specified in cloud-config...
         Starting Login Service...
         Starting System Logging Service...
[[0;32m  OK  [0m] Started FUSE filesystem for LXC.
         Starting /etc/rc.local Compatibility...
[[0;32m  OK  [0m] Started Unattended Upgrades Shutdown.
         Starting LXD - container startup/shutdown...
[[0;32m  OK  [0m] Started Regular background program processing daemon.
[[0;32m  OK  [0m] Started ACPI event daemon.
         Starting LSB: Record successful boot for GRUB...
         Starting LSB: MD monitoring daemon...
[[0;32m  OK  [0m] Started Deferred execution scheduler.
         Starting OpenBSD Secure Shell server...
         Starting Accounts Service...
         Starting Snappy daemon...
[[0;32m  OK  [0m] Started System Logging Service.
[[0;32m  OK  [0m] Started /etc/rc.local Compatibility.
[[0;32m  OK  [0m] Started OpenBSD Secure Shell server.
[[0;32m  OK  [0m] Started LXD - container startup/shutdown.
[[0;32m  OK  [0m] Started Login to default iSCSI targets.
[[0;32m  OK  [0m] Started LSB: Record successful boot for GRUB.
[[0;32m  OK  [0m] Started LSB: MD monitoring daemon.
[[0;32m  OK  [0m] Started Login Service.
         Starting Authenticate and Authorize Users to Run Privileged Tasks...
[[0;32m  OK  [0m] Reached target Remote File Systems (Pre).
[[0;32m  OK  [0m] Reached target Remote File Systems.
[   21.012598] cloud-init[1033]: Cloud-init v. 17.1 running 'modules:config' at Tue, 05 Dec 2017 07:37:36 +0000. Up 20.77 seconds.
         Starting Permit User Sessions...
         Starting LSB: Set the CPU Frequency Scaling governor to "ondemand"...
         Starting LSB: daemon to balance interrupts for SMP systems...
         Starting LSB: automatic crash report generation...
         Starting LSB: VirtualBox Linux Additions...
[[0;32m  OK  [0m] Started Snappy daemon.
[[0;32m  OK  [0m] Started Apply the settings specified in cloud-config.
[[0;32m  OK  [0m] Started Permit User Sessions.
[[0;32m  OK  [0m] Started Authenticate and Authorize Users to Run Privileged Tasks.
[[0;32m  OK  [0m] Started Accounts Service.
[[0;32m  OK  [0m] Started LSB: Set the CPU Frequency Scaling governor to "ondemand".
[[0;32m  OK  [0m] Created slice User Slice of ubuntu.
         Starting User Manager for UID 1000...
[[0;32m  OK  [0m] Started Session 1 of user ubuntu.
         Starting Hold until boot process finishes up...
         Starting Terminate Plymouth Boot Screen...
[[0;32m  OK  [0m] Started User Manager for UID 1000.
[[0;32m  OK  [0m] Started LSB: daemon to balance interrupts for SMP systems.
[[0;32m  OK  [0m] Started LSB: automatic crash report generation.
[[0;32m  OK  [0m] Started LSB: VirtualBox Linux Additions.
[[0;32m  OK  [0m] Started Hold until boot process finishes up.
[[0;32m  OK  [0m] Started Terminate Plymouth Boot Screen.
[[0;32m  OK  [0m] Started Serial Getty on ttyS0.
         Starting Set console scheme...
[[0;32m  OK  [0m] Started Getty on tty1.
[[0;32m  OK  [0m] Reached target Login Prompts.
[[0;32m  OK  [0m] Reached target Multi-User System.
[[0;32m  OK  [0m] Reached target Graphical Interface.
         Starting Update UTMP about System Runlevel Changes...
         Starting Execute cloud user/final scripts...
[[0;32m  OK  [0m] Started Set console scheme.
[[0;32m  OK  [0m] Started Update UTMP about System Runlevel Changes.
[   22.610162] cloud-init[1204]: Cloud-init v. 17.1 running 'modules:final' at Tue, 05 Dec 2017 07:37:38 +0000. Up 22.38 seconds.
[   22.646117] cloud-init[1204]: Cloud-init v. 17.1 finished at Tue, 05 Dec 2017 07:37:38 +0000. Datasource DataSourceNoCloud [seed=/dev/sdb][dsmode=net].  Up 22.60 seconds
[[0;32m  OK  [0m] Started Execute cloud user/final scripts.
         Starting Daily apt download activities...
[[0;32m  OK  [0m] Reached target Cloud-init target.
         Stopping User Manager for UID 1000...
[[0;32m  OK  [0m] Stopped User Manager for UID 1000.
[[0;32m  OK  [0m] Removed slice User Slice of ubuntu.

Ubuntu 16.04.3 LTS ubuntu-xenial ttyS0

ubuntu-xenial login: 